ERROR - 2025-01-22 09:37:53 --> Error connecting to the database: ctype_digit(): Argument of type int will be interpreted as string in the future
CRITICAL - 2025-01-22 09:37:53 --> Unable to connect to the database.
Main connection [Postgre]: ctype_digit(): Argument of type int will be interpreted as string in the future
#0 C:\xampp5\htdocs\peluitgithub\peluitkab.bangkalan\public_html\system\Database\BaseConnection.php(577): CodeIgniter\Database\BaseConnection->initialize()
#1 C:\xampp5\htdocs\peluitgithub\peluitkab.bangkalan\public_html\system\Database\BaseBuilder.php(1443): CodeIgniter\Database\BaseConnection->query('SELECT *\nFROM "...', Array, false)
#2 C:\xampp5\htdocs\peluitgithub\peluitkab.bangkalan\public_html\system\Model.php(183): CodeIgniter\Database\BaseBuilder->get()
#3 C:\xampp5\htdocs\peluitgithub\peluitkab.bangkalan\public_html\system\BaseModel.php(584): CodeIgniter\Model->doFindAll(0, 0)
#4 C:\xampp5\htdocs\peluitgithub\peluitkab.bangkalan\public_html\app\Controllers\Home.php(25): CodeIgniter\BaseModel->findAll()
#5 C:\xampp5\htdocs\peluitgithub\peluitkab.bangkalan\public_html\system\CodeIgniter.php(824): App\Controllers\Home->index()
#6 C:\xampp5\htdocs\peluitgithub\peluitkab.bangkalan\public_html\system\CodeIgniter.php(410): CodeIgniter\CodeIgniter->runController(Object(App\Controllers\Home))
#7 C:\xampp5\htdocs\peluitgithub\peluitkab.bangkalan\public_html\system\CodeIgniter.php(318): CodeIgniter\CodeIgniter->handleRequest(NULL, Object(Config\Cache), false)
#8 C:\xampp5\htdocs\peluitgithub\peluitkab.bangkalan\public_html\public\index.php(37): CodeIgniter\CodeIgniter->run()
#9 C:\xampp5\htdocs\peluitgithub\peluitkab.bangkalan\public_html\system\Commands\Server\rewrite.php(43): require_once('C:\\xampp5\\htdoc...')
#10 {main}
CRITICAL - 2025-01-22 09:37:53 --> Uncaught ErrorException: strtolower(): Passing null to parameter #1 ($string) of type string is deprecated in C:\xampp5\htdocs\peluitgithub\peluitkab.bangkalan\public_html\system\Validation\FormatRules.php:253
Stack trace:
#0 [internal function]: CodeIgniter\Debug\Exceptions->errorHandler(8192, 'strtolower(): P...', 'C:\\xampp5\\htdoc...', 253)
#1 C:\xampp5\htdocs\peluitgithub\peluitkab.bangkalan\public_html\system\Validation\FormatRules.php(253): strtolower(NULL)
#2 C:\xampp5\htdocs\peluitgithub\peluitkab.bangkalan\public_html\system\HTTP\RequestTrait.php(151): CodeIgniter\Validation\FormatRules->valid_ip('::1')
#3 C:\xampp5\htdocs\peluitgithub\peluitkab.bangkalan\public_html\app\Views\errors\html\error_exception.php(206): CodeIgniter\HTTP\Request->getIPAddress()
#4 C:\xampp5\htdocs\peluitgithub\peluitkab.bangkalan\public_html\system\Debug\Exceptions.php(229): include('C:\\xampp5\\htdoc...')
#5 C:\xampp5\htdocs\peluitgithub\peluitkab.bangkalan\public_html\system\Debug\Exceptions.php(232): CodeIgniter\Debug\Exceptions->CodeIgniter\Debug\{closure}()
#6 C:\xampp5\htdocs\peluitgithub\peluitkab.bangkalan\public_html\system\Debug\Exceptions.php(116): CodeIgniter\Debug\Exceptions->render(Object(CodeIgniter\Database\Exceptions\DatabaseException), 500)
#7 [internal function]: CodeIgniter\Debug\Exceptions->exceptionHandler(Object(CodeIgniter\Database\Exceptions\DatabaseException))
#8 {main}
  thrown
#0 [internal function]: CodeIgniter\Debug\Exceptions->shutdownHandler()
#1 {main}
ERROR - 2025-01-22 09:38:11 --> Error connecting to the database: ctype_digit(): Argument of type int will be interpreted as string in the future
CRITICAL - 2025-01-22 09:38:11 --> Unable to connect to the database.
Main connection [Postgre]: ctype_digit(): Argument of type int will be interpreted as string in the future
#0 C:\xampp5\htdocs\peluitgithub\peluitkab.bangkalan\public_html\system\Database\BaseConnection.php(577): CodeIgniter\Database\BaseConnection->initialize()
#1 C:\xampp5\htdocs\peluitgithub\peluitkab.bangkalan\public_html\system\Database\BaseBuilder.php(1443): CodeIgniter\Database\BaseConnection->query('SELECT *\nFROM "...', Array, false)
#2 C:\xampp5\htdocs\peluitgithub\peluitkab.bangkalan\public_html\system\Model.php(183): CodeIgniter\Database\BaseBuilder->get()
#3 C:\xampp5\htdocs\peluitgithub\peluitkab.bangkalan\public_html\system\BaseModel.php(584): CodeIgniter\Model->doFindAll(0, 0)
#4 C:\xampp5\htdocs\peluitgithub\peluitkab.bangkalan\public_html\app\Controllers\Home.php(25): CodeIgniter\BaseModel->findAll()
#5 C:\xampp5\htdocs\peluitgithub\peluitkab.bangkalan\public_html\system\CodeIgniter.php(824): App\Controllers\Home->index()
#6 C:\xampp5\htdocs\peluitgithub\peluitkab.bangkalan\public_html\system\CodeIgniter.php(410): CodeIgniter\CodeIgniter->runController(Object(App\Controllers\Home))
#7 C:\xampp5\htdocs\peluitgithub\peluitkab.bangkalan\public_html\system\CodeIgniter.php(318): CodeIgniter\CodeIgniter->handleRequest(NULL, Object(Config\Cache), false)
#8 C:\xampp5\htdocs\peluitgithub\peluitkab.bangkalan\public_html\public\index.php(37): CodeIgniter\CodeIgniter->run()
#9 C:\xampp5\htdocs\peluitgithub\peluitkab.bangkalan\public_html\system\Commands\Server\rewrite.php(43): require_once('C:\\xampp5\\htdoc...')
#10 {main}
CRITICAL - 2025-01-22 09:38:11 --> Uncaught ErrorException: strtolower(): Passing null to parameter #1 ($string) of type string is deprecated in C:\xampp5\htdocs\peluitgithub\peluitkab.bangkalan\public_html\system\Validation\FormatRules.php:253
Stack trace:
#0 [internal function]: CodeIgniter\Debug\Exceptions->errorHandler(8192, 'strtolower(): P...', 'C:\\xampp5\\htdoc...', 253)
#1 C:\xampp5\htdocs\peluitgithub\peluitkab.bangkalan\public_html\system\Validation\FormatRules.php(253): strtolower(NULL)
#2 C:\xampp5\htdocs\peluitgithub\peluitkab.bangkalan\public_html\system\HTTP\RequestTrait.php(151): CodeIgniter\Validation\FormatRules->valid_ip('::1')
#3 C:\xampp5\htdocs\peluitgithub\peluitkab.bangkalan\public_html\app\Views\errors\html\error_exception.php(206): CodeIgniter\HTTP\Request->getIPAddress()
#4 C:\xampp5\htdocs\peluitgithub\peluitkab.bangkalan\public_html\system\Debug\Exceptions.php(229): include('C:\\xampp5\\htdoc...')
#5 C:\xampp5\htdocs\peluitgithub\peluitkab.bangkalan\public_html\system\Debug\Exceptions.php(232): CodeIgniter\Debug\Exceptions->CodeIgniter\Debug\{closure}()
#6 C:\xampp5\htdocs\peluitgithub\peluitkab.bangkalan\public_html\system\Debug\Exceptions.php(116): CodeIgniter\Debug\Exceptions->render(Object(CodeIgniter\Database\Exceptions\DatabaseException), 500)
#7 [internal function]: CodeIgniter\Debug\Exceptions->exceptionHandler(Object(CodeIgniter\Database\Exceptions\DatabaseException))
#8 {main}
  thrown
#0 [internal function]: CodeIgniter\Debug\Exceptions->shutdownHandler()
#1 {main}
ERROR - 2025-01-22 09:38:12 --> Error connecting to the database: ctype_digit(): Argument of type int will be interpreted as string in the future
CRITICAL - 2025-01-22 09:38:12 --> Unable to connect to the database.
Main connection [Postgre]: ctype_digit(): Argument of type int will be interpreted as string in the future
#0 C:\xampp5\htdocs\peluitgithub\peluitkab.bangkalan\public_html\system\Database\BaseConnection.php(577): CodeIgniter\Database\BaseConnection->initialize()
#1 C:\xampp5\htdocs\peluitgithub\peluitkab.bangkalan\public_html\system\Database\BaseBuilder.php(1443): CodeIgniter\Database\BaseConnection->query('SELECT *\nFROM "...', Array, false)
#2 C:\xampp5\htdocs\peluitgithub\peluitkab.bangkalan\public_html\system\Model.php(183): CodeIgniter\Database\BaseBuilder->get()
#3 C:\xampp5\htdocs\peluitgithub\peluitkab.bangkalan\public_html\system\BaseModel.php(584): CodeIgniter\Model->doFindAll(0, 0)
#4 C:\xampp5\htdocs\peluitgithub\peluitkab.bangkalan\public_html\app\Controllers\Home.php(25): CodeIgniter\BaseModel->findAll()
#5 C:\xampp5\htdocs\peluitgithub\peluitkab.bangkalan\public_html\system\CodeIgniter.php(824): App\Controllers\Home->index()
#6 C:\xampp5\htdocs\peluitgithub\peluitkab.bangkalan\public_html\system\CodeIgniter.php(410): CodeIgniter\CodeIgniter->runController(Object(App\Controllers\Home))
#7 C:\xampp5\htdocs\peluitgithub\peluitkab.bangkalan\public_html\system\CodeIgniter.php(318): CodeIgniter\CodeIgniter->handleRequest(NULL, Object(Config\Cache), false)
#8 C:\xampp5\htdocs\peluitgithub\peluitkab.bangkalan\public_html\public\index.php(37): CodeIgniter\CodeIgniter->run()
#9 C:\xampp5\htdocs\peluitgithub\peluitkab.bangkalan\public_html\system\Commands\Server\rewrite.php(43): require_once('C:\\xampp5\\htdoc...')
#10 {main}
CRITICAL - 2025-01-22 09:38:12 --> Uncaught ErrorException: strtolower(): Passing null to parameter #1 ($string) of type string is deprecated in C:\xampp5\htdocs\peluitgithub\peluitkab.bangkalan\public_html\system\Validation\FormatRules.php:253
Stack trace:
#0 [internal function]: CodeIgniter\Debug\Exceptions->errorHandler(8192, 'strtolower(): P...', 'C:\\xampp5\\htdoc...', 253)
#1 C:\xampp5\htdocs\peluitgithub\peluitkab.bangkalan\public_html\system\Validation\FormatRules.php(253): strtolower(NULL)
#2 C:\xampp5\htdocs\peluitgithub\peluitkab.bangkalan\public_html\system\HTTP\RequestTrait.php(151): CodeIgniter\Validation\FormatRules->valid_ip('::1')
#3 C:\xampp5\htdocs\peluitgithub\peluitkab.bangkalan\public_html\app\Views\errors\html\error_exception.php(206): CodeIgniter\HTTP\Request->getIPAddress()
#4 C:\xampp5\htdocs\peluitgithub\peluitkab.bangkalan\public_html\system\Debug\Exceptions.php(229): include('C:\\xampp5\\htdoc...')
#5 C:\xampp5\htdocs\peluitgithub\peluitkab.bangkalan\public_html\system\Debug\Exceptions.php(232): CodeIgniter\Debug\Exceptions->CodeIgniter\Debug\{closure}()
#6 C:\xampp5\htdocs\peluitgithub\peluitkab.bangkalan\public_html\system\Debug\Exceptions.php(116): CodeIgniter\Debug\Exceptions->render(Object(CodeIgniter\Database\Exceptions\DatabaseException), 500)
#7 [internal function]: CodeIgniter\Debug\Exceptions->exceptionHandler(Object(CodeIgniter\Database\Exceptions\DatabaseException))
#8 {main}
  thrown
#0 [internal function]: CodeIgniter\Debug\Exceptions->shutdownHandler()
#1 {main}
ERROR - 2025-01-22 09:38:12 --> Error connecting to the database: ctype_digit(): Argument of type int will be interpreted as string in the future
CRITICAL - 2025-01-22 09:38:12 --> Unable to connect to the database.
Main connection [Postgre]: ctype_digit(): Argument of type int will be interpreted as string in the future
#0 C:\xampp5\htdocs\peluitgithub\peluitkab.bangkalan\public_html\system\Database\BaseConnection.php(577): CodeIgniter\Database\BaseConnection->initialize()
#1 C:\xampp5\htdocs\peluitgithub\peluitkab.bangkalan\public_html\system\Database\BaseBuilder.php(1443): CodeIgniter\Database\BaseConnection->query('SELECT *\nFROM "...', Array, false)
#2 C:\xampp5\htdocs\peluitgithub\peluitkab.bangkalan\public_html\system\Model.php(183): CodeIgniter\Database\BaseBuilder->get()
#3 C:\xampp5\htdocs\peluitgithub\peluitkab.bangkalan\public_html\system\BaseModel.php(584): CodeIgniter\Model->doFindAll(0, 0)
#4 C:\xampp5\htdocs\peluitgithub\peluitkab.bangkalan\public_html\app\Controllers\Home.php(25): CodeIgniter\BaseModel->findAll()
#5 C:\xampp5\htdocs\peluitgithub\peluitkab.bangkalan\public_html\system\CodeIgniter.php(824): App\Controllers\Home->index()
#6 C:\xampp5\htdocs\peluitgithub\peluitkab.bangkalan\public_html\system\CodeIgniter.php(410): CodeIgniter\CodeIgniter->runController(Object(App\Controllers\Home))
#7 C:\xampp5\htdocs\peluitgithub\peluitkab.bangkalan\public_html\system\CodeIgniter.php(318): CodeIgniter\CodeIgniter->handleRequest(NULL, Object(Config\Cache), false)
#8 C:\xampp5\htdocs\peluitgithub\peluitkab.bangkalan\public_html\public\index.php(37): CodeIgniter\CodeIgniter->run()
#9 C:\xampp5\htdocs\peluitgithub\peluitkab.bangkalan\public_html\system\Commands\Server\rewrite.php(43): require_once('C:\\xampp5\\htdoc...')
#10 {main}
CRITICAL - 2025-01-22 09:38:12 --> Uncaught ErrorException: strtolower(): Passing null to parameter #1 ($string) of type string is deprecated in C:\xampp5\htdocs\peluitgithub\peluitkab.bangkalan\public_html\system\Validation\FormatRules.php:253
Stack trace:
#0 [internal function]: CodeIgniter\Debug\Exceptions->errorHandler(8192, 'strtolower(): P...', 'C:\\xampp5\\htdoc...', 253)
#1 C:\xampp5\htdocs\peluitgithub\peluitkab.bangkalan\public_html\system\Validation\FormatRules.php(253): strtolower(NULL)
#2 C:\xampp5\htdocs\peluitgithub\peluitkab.bangkalan\public_html\system\HTTP\RequestTrait.php(151): CodeIgniter\Validation\FormatRules->valid_ip('::1')
#3 C:\xampp5\htdocs\peluitgithub\peluitkab.bangkalan\public_html\app\Views\errors\html\error_exception.php(206): CodeIgniter\HTTP\Request->getIPAddress()
#4 C:\xampp5\htdocs\peluitgithub\peluitkab.bangkalan\public_html\system\Debug\Exceptions.php(229): include('C:\\xampp5\\htdoc...')
#5 C:\xampp5\htdocs\peluitgithub\peluitkab.bangkalan\public_html\system\Debug\Exceptions.php(232): CodeIgniter\Debug\Exceptions->CodeIgniter\Debug\{closure}()
#6 C:\xampp5\htdocs\peluitgithub\peluitkab.bangkalan\public_html\system\Debug\Exceptions.php(116): CodeIgniter\Debug\Exceptions->render(Object(CodeIgniter\Database\Exceptions\DatabaseException), 500)
#7 [internal function]: CodeIgniter\Debug\Exceptions->exceptionHandler(Object(CodeIgniter\Database\Exceptions\DatabaseException))
#8 {main}
  thrown
#0 [internal function]: CodeIgniter\Debug\Exceptions->shutdownHandler()
#1 {main}
ERROR - 2025-01-22 09:38:13 --> Error connecting to the database: ctype_digit(): Argument of type int will be interpreted as string in the future
CRITICAL - 2025-01-22 09:38:13 --> Unable to connect to the database.
Main connection [Postgre]: ctype_digit(): Argument of type int will be interpreted as string in the future
#0 C:\xampp5\htdocs\peluitgithub\peluitkab.bangkalan\public_html\system\Database\BaseConnection.php(577): CodeIgniter\Database\BaseConnection->initialize()
#1 C:\xampp5\htdocs\peluitgithub\peluitkab.bangkalan\public_html\system\Database\BaseBuilder.php(1443): CodeIgniter\Database\BaseConnection->query('SELECT *\nFROM "...', Array, false)
#2 C:\xampp5\htdocs\peluitgithub\peluitkab.bangkalan\public_html\system\Model.php(183): CodeIgniter\Database\BaseBuilder->get()
#3 C:\xampp5\htdocs\peluitgithub\peluitkab.bangkalan\public_html\system\BaseModel.php(584): CodeIgniter\Model->doFindAll(0, 0)
#4 C:\xampp5\htdocs\peluitgithub\peluitkab.bangkalan\public_html\app\Controllers\Home.php(25): CodeIgniter\BaseModel->findAll()
#5 C:\xampp5\htdocs\peluitgithub\peluitkab.bangkalan\public_html\system\CodeIgniter.php(824): App\Controllers\Home->index()
#6 C:\xampp5\htdocs\peluitgithub\peluitkab.bangkalan\public_html\system\CodeIgniter.php(410): CodeIgniter\CodeIgniter->runController(Object(App\Controllers\Home))
#7 C:\xampp5\htdocs\peluitgithub\peluitkab.bangkalan\public_html\system\CodeIgniter.php(318): CodeIgniter\CodeIgniter->handleRequest(NULL, Object(Config\Cache), false)
#8 C:\xampp5\htdocs\peluitgithub\peluitkab.bangkalan\public_html\public\index.php(37): CodeIgniter\CodeIgniter->run()
#9 C:\xampp5\htdocs\peluitgithub\peluitkab.bangkalan\public_html\system\Commands\Server\rewrite.php(43): require_once('C:\\xampp5\\htdoc...')
#10 {main}
CRITICAL - 2025-01-22 09:38:13 --> Uncaught ErrorException: strtolower(): Passing null to parameter #1 ($string) of type string is deprecated in C:\xampp5\htdocs\peluitgithub\peluitkab.bangkalan\public_html\system\Validation\FormatRules.php:253
Stack trace:
#0 [internal function]: CodeIgniter\Debug\Exceptions->errorHandler(8192, 'strtolower(): P...', 'C:\\xampp5\\htdoc...', 253)
#1 C:\xampp5\htdocs\peluitgithub\peluitkab.bangkalan\public_html\system\Validation\FormatRules.php(253): strtolower(NULL)
#2 C:\xampp5\htdocs\peluitgithub\peluitkab.bangkalan\public_html\system\HTTP\RequestTrait.php(151): CodeIgniter\Validation\FormatRules->valid_ip('::1')
#3 C:\xampp5\htdocs\peluitgithub\peluitkab.bangkalan\public_html\app\Views\errors\html\error_exception.php(206): CodeIgniter\HTTP\Request->getIPAddress()
#4 C:\xampp5\htdocs\peluitgithub\peluitkab.bangkalan\public_html\system\Debug\Exceptions.php(229): include('C:\\xampp5\\htdoc...')
#5 C:\xampp5\htdocs\peluitgithub\peluitkab.bangkalan\public_html\system\Debug\Exceptions.php(232): CodeIgniter\Debug\Exceptions->CodeIgniter\Debug\{closure}()
#6 C:\xampp5\htdocs\peluitgithub\peluitkab.bangkalan\public_html\system\Debug\Exceptions.php(116): CodeIgniter\Debug\Exceptions->render(Object(CodeIgniter\Database\Exceptions\DatabaseException), 500)
#7 [internal function]: CodeIgniter\Debug\Exceptions->exceptionHandler(Object(CodeIgniter\Database\Exceptions\DatabaseException))
#8 {main}
  thrown
#0 [internal function]: CodeIgniter\Debug\Exceptions->shutdownHandler()
#1 {main}
ERROR - 2025-01-22 09:38:13 --> Error connecting to the database: ctype_digit(): Argument of type int will be interpreted as string in the future
CRITICAL - 2025-01-22 09:38:13 --> Unable to connect to the database.
Main connection [Postgre]: ctype_digit(): Argument of type int will be interpreted as string in the future
#0 C:\xampp5\htdocs\peluitgithub\peluitkab.bangkalan\public_html\system\Database\BaseConnection.php(577): CodeIgniter\Database\BaseConnection->initialize()
#1 C:\xampp5\htdocs\peluitgithub\peluitkab.bangkalan\public_html\system\Database\BaseBuilder.php(1443): CodeIgniter\Database\BaseConnection->query('SELECT *\nFROM "...', Array, false)
#2 C:\xampp5\htdocs\peluitgithub\peluitkab.bangkalan\public_html\system\Model.php(183): CodeIgniter\Database\BaseBuilder->get()
#3 C:\xampp5\htdocs\peluitgithub\peluitkab.bangkalan\public_html\system\BaseModel.php(584): CodeIgniter\Model->doFindAll(0, 0)
#4 C:\xampp5\htdocs\peluitgithub\peluitkab.bangkalan\public_html\app\Controllers\Home.php(25): CodeIgniter\BaseModel->findAll()
#5 C:\xampp5\htdocs\peluitgithub\peluitkab.bangkalan\public_html\system\CodeIgniter.php(824): App\Controllers\Home->index()
#6 C:\xampp5\htdocs\peluitgithub\peluitkab.bangkalan\public_html\system\CodeIgniter.php(410): CodeIgniter\CodeIgniter->runController(Object(App\Controllers\Home))
#7 C:\xampp5\htdocs\peluitgithub\peluitkab.bangkalan\public_html\system\CodeIgniter.php(318): CodeIgniter\CodeIgniter->handleRequest(NULL, Object(Config\Cache), false)
#8 C:\xampp5\htdocs\peluitgithub\peluitkab.bangkalan\public_html\public\index.php(37): CodeIgniter\CodeIgniter->run()
#9 C:\xampp5\htdocs\peluitgithub\peluitkab.bangkalan\public_html\system\Commands\Server\rewrite.php(43): require_once('C:\\xampp5\\htdoc...')
#10 {main}
CRITICAL - 2025-01-22 09:38:13 --> Uncaught ErrorException: strtolower(): Passing null to parameter #1 ($string) of type string is deprecated in C:\xampp5\htdocs\peluitgithub\peluitkab.bangkalan\public_html\system\Validation\FormatRules.php:253
Stack trace:
#0 [internal function]: CodeIgniter\Debug\Exceptions->errorHandler(8192, 'strtolower(): P...', 'C:\\xampp5\\htdoc...', 253)
#1 C:\xampp5\htdocs\peluitgithub\peluitkab.bangkalan\public_html\system\Validation\FormatRules.php(253): strtolower(NULL)
#2 C:\xampp5\htdocs\peluitgithub\peluitkab.bangkalan\public_html\system\HTTP\RequestTrait.php(151): CodeIgniter\Validation\FormatRules->valid_ip('::1')
#3 C:\xampp5\htdocs\peluitgithub\peluitkab.bangkalan\public_html\app\Views\errors\html\error_exception.php(206): CodeIgniter\HTTP\Request->getIPAddress()
#4 C:\xampp5\htdocs\peluitgithub\peluitkab.bangkalan\public_html\system\Debug\Exceptions.php(229): include('C:\\xampp5\\htdoc...')
#5 C:\xampp5\htdocs\peluitgithub\peluitkab.bangkalan\public_html\system\Debug\Exceptions.php(232): CodeIgniter\Debug\Exceptions->CodeIgniter\Debug\{closure}()
#6 C:\xampp5\htdocs\peluitgithub\peluitkab.bangkalan\public_html\system\Debug\Exceptions.php(116): CodeIgniter\Debug\Exceptions->render(Object(CodeIgniter\Database\Exceptions\DatabaseException), 500)
#7 [internal function]: CodeIgniter\Debug\Exceptions->exceptionHandler(Object(CodeIgniter\Database\Exceptions\DatabaseException))
#8 {main}
  thrown
#0 [internal function]: CodeIgniter\Debug\Exceptions->shutdownHandler()
#1 {main}
ERROR - 2025-01-22 09:38:14 --> Error connecting to the database: ctype_digit(): Argument of type int will be interpreted as string in the future
CRITICAL - 2025-01-22 09:38:14 --> Unable to connect to the database.
Main connection [Postgre]: ctype_digit(): Argument of type int will be interpreted as string in the future
#0 C:\xampp5\htdocs\peluitgithub\peluitkab.bangkalan\public_html\system\Database\BaseConnection.php(577): CodeIgniter\Database\BaseConnection->initialize()
#1 C:\xampp5\htdocs\peluitgithub\peluitkab.bangkalan\public_html\system\Database\BaseBuilder.php(1443): CodeIgniter\Database\BaseConnection->query('SELECT *\nFROM "...', Array, false)
#2 C:\xampp5\htdocs\peluitgithub\peluitkab.bangkalan\public_html\system\Model.php(183): CodeIgniter\Database\BaseBuilder->get()
#3 C:\xampp5\htdocs\peluitgithub\peluitkab.bangkalan\public_html\system\BaseModel.php(584): CodeIgniter\Model->doFindAll(0, 0)
#4 C:\xampp5\htdocs\peluitgithub\peluitkab.bangkalan\public_html\app\Controllers\Home.php(25): CodeIgniter\BaseModel->findAll()
#5 C:\xampp5\htdocs\peluitgithub\peluitkab.bangkalan\public_html\system\CodeIgniter.php(824): App\Controllers\Home->index()
#6 C:\xampp5\htdocs\peluitgithub\peluitkab.bangkalan\public_html\system\CodeIgniter.php(410): CodeIgniter\CodeIgniter->runController(Object(App\Controllers\Home))
#7 C:\xampp5\htdocs\peluitgithub\peluitkab.bangkalan\public_html\system\CodeIgniter.php(318): CodeIgniter\CodeIgniter->handleRequest(NULL, Object(Config\Cache), false)
#8 C:\xampp5\htdocs\peluitgithub\peluitkab.bangkalan\public_html\public\index.php(37): CodeIgniter\CodeIgniter->run()
#9 C:\xampp5\htdocs\peluitgithub\peluitkab.bangkalan\public_html\system\Commands\Server\rewrite.php(43): require_once('C:\\xampp5\\htdoc...')
#10 {main}
CRITICAL - 2025-01-22 09:38:14 --> Uncaught ErrorException: strtolower(): Passing null to parameter #1 ($string) of type string is deprecated in C:\xampp5\htdocs\peluitgithub\peluitkab.bangkalan\public_html\system\Validation\FormatRules.php:253
Stack trace:
#0 [internal function]: CodeIgniter\Debug\Exceptions->errorHandler(8192, 'strtolower(): P...', 'C:\\xampp5\\htdoc...', 253)
#1 C:\xampp5\htdocs\peluitgithub\peluitkab.bangkalan\public_html\system\Validation\FormatRules.php(253): strtolower(NULL)
#2 C:\xampp5\htdocs\peluitgithub\peluitkab.bangkalan\public_html\system\HTTP\RequestTrait.php(151): CodeIgniter\Validation\FormatRules->valid_ip('::1')
#3 C:\xampp5\htdocs\peluitgithub\peluitkab.bangkalan\public_html\app\Views\errors\html\error_exception.php(206): CodeIgniter\HTTP\Request->getIPAddress()
#4 C:\xampp5\htdocs\peluitgithub\peluitkab.bangkalan\public_html\system\Debug\Exceptions.php(229): include('C:\\xampp5\\htdoc...')
#5 C:\xampp5\htdocs\peluitgithub\peluitkab.bangkalan\public_html\system\Debug\Exceptions.php(232): CodeIgniter\Debug\Exceptions->CodeIgniter\Debug\{closure}()
#6 C:\xampp5\htdocs\peluitgithub\peluitkab.bangkalan\public_html\system\Debug\Exceptions.php(116): CodeIgniter\Debug\Exceptions->render(Object(CodeIgniter\Database\Exceptions\DatabaseException), 500)
#7 [internal function]: CodeIgniter\Debug\Exceptions->exceptionHandler(Object(CodeIgniter\Database\Exceptions\DatabaseException))
#8 {main}
  thrown
#0 [internal function]: CodeIgniter\Debug\Exceptions->shutdownHandler()
#1 {main}
ERROR - 2025-01-22 09:38:14 --> Error connecting to the database: ctype_digit(): Argument of type int will be interpreted as string in the future
CRITICAL - 2025-01-22 09:38:14 --> Unable to connect to the database.
Main connection [Postgre]: ctype_digit(): Argument of type int will be interpreted as string in the future
#0 C:\xampp5\htdocs\peluitgithub\peluitkab.bangkalan\public_html\system\Database\BaseConnection.php(577): CodeIgniter\Database\BaseConnection->initialize()
#1 C:\xampp5\htdocs\peluitgithub\peluitkab.bangkalan\public_html\system\Database\BaseBuilder.php(1443): CodeIgniter\Database\BaseConnection->query('SELECT *\nFROM "...', Array, false)
#2 C:\xampp5\htdocs\peluitgithub\peluitkab.bangkalan\public_html\system\Model.php(183): CodeIgniter\Database\BaseBuilder->get()
#3 C:\xampp5\htdocs\peluitgithub\peluitkab.bangkalan\public_html\system\BaseModel.php(584): CodeIgniter\Model->doFindAll(0, 0)
#4 C:\xampp5\htdocs\peluitgithub\peluitkab.bangkalan\public_html\app\Controllers\Home.php(25): CodeIgniter\BaseModel->findAll()
#5 C:\xampp5\htdocs\peluitgithub\peluitkab.bangkalan\public_html\system\CodeIgniter.php(824): App\Controllers\Home->index()
#6 C:\xampp5\htdocs\peluitgithub\peluitkab.bangkalan\public_html\system\CodeIgniter.php(410): CodeIgniter\CodeIgniter->runController(Object(App\Controllers\Home))
#7 C:\xampp5\htdocs\peluitgithub\peluitkab.bangkalan\public_html\system\CodeIgniter.php(318): CodeIgniter\CodeIgniter->handleRequest(NULL, Object(Config\Cache), false)
#8 C:\xampp5\htdocs\peluitgithub\peluitkab.bangkalan\public_html\public\index.php(37): CodeIgniter\CodeIgniter->run()
#9 C:\xampp5\htdocs\peluitgithub\peluitkab.bangkalan\public_html\system\Commands\Server\rewrite.php(43): require_once('C:\\xampp5\\htdoc...')
#10 {main}
CRITICAL - 2025-01-22 09:38:14 --> Uncaught ErrorException: strtolower(): Passing null to parameter #1 ($string) of type string is deprecated in C:\xampp5\htdocs\peluitgithub\peluitkab.bangkalan\public_html\system\Validation\FormatRules.php:253
Stack trace:
#0 [internal function]: CodeIgniter\Debug\Exceptions->errorHandler(8192, 'strtolower(): P...', 'C:\\xampp5\\htdoc...', 253)
#1 C:\xampp5\htdocs\peluitgithub\peluitkab.bangkalan\public_html\system\Validation\FormatRules.php(253): strtolower(NULL)
#2 C:\xampp5\htdocs\peluitgithub\peluitkab.bangkalan\public_html\system\HTTP\RequestTrait.php(151): CodeIgniter\Validation\FormatRules->valid_ip('::1')
#3 C:\xampp5\htdocs\peluitgithub\peluitkab.bangkalan\public_html\app\Views\errors\html\error_exception.php(206): CodeIgniter\HTTP\Request->getIPAddress()
#4 C:\xampp5\htdocs\peluitgithub\peluitkab.bangkalan\public_html\system\Debug\Exceptions.php(229): include('C:\\xampp5\\htdoc...')
#5 C:\xampp5\htdocs\peluitgithub\peluitkab.bangkalan\public_html\system\Debug\Exceptions.php(232): CodeIgniter\Debug\Exceptions->CodeIgniter\Debug\{closure}()
#6 C:\xampp5\htdocs\peluitgithub\peluitkab.bangkalan\public_html\system\Debug\Exceptions.php(116): CodeIgniter\Debug\Exceptions->render(Object(CodeIgniter\Database\Exceptions\DatabaseException), 500)
#7 [internal function]: CodeIgniter\Debug\Exceptions->exceptionHandler(Object(CodeIgniter\Database\Exceptions\DatabaseException))
#8 {main}
  thrown
#0 [internal function]: CodeIgniter\Debug\Exceptions->shutdownHandler()
#1 {main}
ERROR - 2025-01-22 09:38:14 --> Error connecting to the database: ctype_digit(): Argument of type int will be interpreted as string in the future
CRITICAL - 2025-01-22 09:38:14 --> Unable to connect to the database.
Main connection [Postgre]: ctype_digit(): Argument of type int will be interpreted as string in the future
#0 C:\xampp5\htdocs\peluitgithub\peluitkab.bangkalan\public_html\system\Database\BaseConnection.php(577): CodeIgniter\Database\BaseConnection->initialize()
#1 C:\xampp5\htdocs\peluitgithub\peluitkab.bangkalan\public_html\system\Database\BaseBuilder.php(1443): CodeIgniter\Database\BaseConnection->query('SELECT *\nFROM "...', Array, false)
#2 C:\xampp5\htdocs\peluitgithub\peluitkab.bangkalan\public_html\system\Model.php(183): CodeIgniter\Database\BaseBuilder->get()
#3 C:\xampp5\htdocs\peluitgithub\peluitkab.bangkalan\public_html\system\BaseModel.php(584): CodeIgniter\Model->doFindAll(0, 0)
#4 C:\xampp5\htdocs\peluitgithub\peluitkab.bangkalan\public_html\app\Controllers\Home.php(25): CodeIgniter\BaseModel->findAll()
#5 C:\xampp5\htdocs\peluitgithub\peluitkab.bangkalan\public_html\system\CodeIgniter.php(824): App\Controllers\Home->index()
#6 C:\xampp5\htdocs\peluitgithub\peluitkab.bangkalan\public_html\system\CodeIgniter.php(410): CodeIgniter\CodeIgniter->runController(Object(App\Controllers\Home))
#7 C:\xampp5\htdocs\peluitgithub\peluitkab.bangkalan\public_html\system\CodeIgniter.php(318): CodeIgniter\CodeIgniter->handleRequest(NULL, Object(Config\Cache), false)
#8 C:\xampp5\htdocs\peluitgithub\peluitkab.bangkalan\public_html\public\index.php(37): CodeIgniter\CodeIgniter->run()
#9 C:\xampp5\htdocs\peluitgithub\peluitkab.bangkalan\public_html\system\Commands\Server\rewrite.php(43): require_once('C:\\xampp5\\htdoc...')
#10 {main}
CRITICAL - 2025-01-22 09:38:14 --> Uncaught ErrorException: strtolower(): Passing null to parameter #1 ($string) of type string is deprecated in C:\xampp5\htdocs\peluitgithub\peluitkab.bangkalan\public_html\system\Validation\FormatRules.php:253
Stack trace:
#0 [internal function]: CodeIgniter\Debug\Exceptions->errorHandler(8192, 'strtolower(): P...', 'C:\\xampp5\\htdoc...', 253)
#1 C:\xampp5\htdocs\peluitgithub\peluitkab.bangkalan\public_html\system\Validation\FormatRules.php(253): strtolower(NULL)
#2 C:\xampp5\htdocs\peluitgithub\peluitkab.bangkalan\public_html\system\HTTP\RequestTrait.php(151): CodeIgniter\Validation\FormatRules->valid_ip('::1')
#3 C:\xampp5\htdocs\peluitgithub\peluitkab.bangkalan\public_html\app\Views\errors\html\error_exception.php(206): CodeIgniter\HTTP\Request->getIPAddress()
#4 C:\xampp5\htdocs\peluitgithub\peluitkab.bangkalan\public_html\system\Debug\Exceptions.php(229): include('C:\\xampp5\\htdoc...')
#5 C:\xampp5\htdocs\peluitgithub\peluitkab.bangkalan\public_html\system\Debug\Exceptions.php(232): CodeIgniter\Debug\Exceptions->CodeIgniter\Debug\{closure}()
#6 C:\xampp5\htdocs\peluitgithub\peluitkab.bangkalan\public_html\system\Debug\Exceptions.php(116): CodeIgniter\Debug\Exceptions->render(Object(CodeIgniter\Database\Exceptions\DatabaseException), 500)
#7 [internal function]: CodeIgniter\Debug\Exceptions->exceptionHandler(Object(CodeIgniter\Database\Exceptions\DatabaseException))
#8 {main}
  thrown
#0 [internal function]: CodeIgniter\Debug\Exceptions->shutdownHandler()
#1 {main}
ERROR - 2025-01-22 09:38:14 --> Error connecting to the database: ctype_digit(): Argument of type int will be interpreted as string in the future
CRITICAL - 2025-01-22 09:38:14 --> Unable to connect to the database.
Main connection [Postgre]: ctype_digit(): Argument of type int will be interpreted as string in the future
#0 C:\xampp5\htdocs\peluitgithub\peluitkab.bangkalan\public_html\system\Database\BaseConnection.php(577): CodeIgniter\Database\BaseConnection->initialize()
#1 C:\xampp5\htdocs\peluitgithub\peluitkab.bangkalan\public_html\system\Database\BaseBuilder.php(1443): CodeIgniter\Database\BaseConnection->query('SELECT *\nFROM "...', Array, false)
#2 C:\xampp5\htdocs\peluitgithub\peluitkab.bangkalan\public_html\system\Model.php(183): CodeIgniter\Database\BaseBuilder->get()
#3 C:\xampp5\htdocs\peluitgithub\peluitkab.bangkalan\public_html\system\BaseModel.php(584): CodeIgniter\Model->doFindAll(0, 0)
#4 C:\xampp5\htdocs\peluitgithub\peluitkab.bangkalan\public_html\app\Controllers\Home.php(25): CodeIgniter\BaseModel->findAll()
#5 C:\xampp5\htdocs\peluitgithub\peluitkab.bangkalan\public_html\system\CodeIgniter.php(824): App\Controllers\Home->index()
#6 C:\xampp5\htdocs\peluitgithub\peluitkab.bangkalan\public_html\system\CodeIgniter.php(410): CodeIgniter\CodeIgniter->runController(Object(App\Controllers\Home))
#7 C:\xampp5\htdocs\peluitgithub\peluitkab.bangkalan\public_html\system\CodeIgniter.php(318): CodeIgniter\CodeIgniter->handleRequest(NULL, Object(Config\Cache), false)
#8 C:\xampp5\htdocs\peluitgithub\peluitkab.bangkalan\public_html\public\index.php(37): CodeIgniter\CodeIgniter->run()
#9 C:\xampp5\htdocs\peluitgithub\peluitkab.bangkalan\public_html\system\Commands\Server\rewrite.php(43): require_once('C:\\xampp5\\htdoc...')
#10 {main}
CRITICAL - 2025-01-22 09:38:14 --> Uncaught ErrorException: strtolower(): Passing null to parameter #1 ($string) of type string is deprecated in C:\xampp5\htdocs\peluitgithub\peluitkab.bangkalan\public_html\system\Validation\FormatRules.php:253
Stack trace:
#0 [internal function]: CodeIgniter\Debug\Exceptions->errorHandler(8192, 'strtolower(): P...', 'C:\\xampp5\\htdoc...', 253)
#1 C:\xampp5\htdocs\peluitgithub\peluitkab.bangkalan\public_html\system\Validation\FormatRules.php(253): strtolower(NULL)
#2 C:\xampp5\htdocs\peluitgithub\peluitkab.bangkalan\public_html\system\HTTP\RequestTrait.php(151): CodeIgniter\Validation\FormatRules->valid_ip('::1')
#3 C:\xampp5\htdocs\peluitgithub\peluitkab.bangkalan\public_html\app\Views\errors\html\error_exception.php(206): CodeIgniter\HTTP\Request->getIPAddress()
#4 C:\xampp5\htdocs\peluitgithub\peluitkab.bangkalan\public_html\system\Debug\Exceptions.php(229): include('C:\\xampp5\\htdoc...')
#5 C:\xampp5\htdocs\peluitgithub\peluitkab.bangkalan\public_html\system\Debug\Exceptions.php(232): CodeIgniter\Debug\Exceptions->CodeIgniter\Debug\{closure}()
#6 C:\xampp5\htdocs\peluitgithub\peluitkab.bangkalan\public_html\system\Debug\Exceptions.php(116): CodeIgniter\Debug\Exceptions->render(Object(CodeIgniter\Database\Exceptions\DatabaseException), 500)
#7 [internal function]: CodeIgniter\Debug\Exceptions->exceptionHandler(Object(CodeIgniter\Database\Exceptions\DatabaseException))
#8 {main}
  thrown
#0 [internal function]: CodeIgniter\Debug\Exceptions->shutdownHandler()
#1 {main}
ERROR - 2025-01-22 09:38:15 --> Error connecting to the database: ctype_digit(): Argument of type int will be interpreted as string in the future
CRITICAL - 2025-01-22 09:38:15 --> Unable to connect to the database.
Main connection [Postgre]: ctype_digit(): Argument of type int will be interpreted as string in the future
#0 C:\xampp5\htdocs\peluitgithub\peluitkab.bangkalan\public_html\system\Database\BaseConnection.php(577): CodeIgniter\Database\BaseConnection->initialize()
#1 C:\xampp5\htdocs\peluitgithub\peluitkab.bangkalan\public_html\system\Database\BaseBuilder.php(1443): CodeIgniter\Database\BaseConnection->query('SELECT *\nFROM "...', Array, false)
#2 C:\xampp5\htdocs\peluitgithub\peluitkab.bangkalan\public_html\system\Model.php(183): CodeIgniter\Database\BaseBuilder->get()
#3 C:\xampp5\htdocs\peluitgithub\peluitkab.bangkalan\public_html\system\BaseModel.php(584): CodeIgniter\Model->doFindAll(0, 0)
#4 C:\xampp5\htdocs\peluitgithub\peluitkab.bangkalan\public_html\app\Controllers\Home.php(25): CodeIgniter\BaseModel->findAll()
#5 C:\xampp5\htdocs\peluitgithub\peluitkab.bangkalan\public_html\system\CodeIgniter.php(824): App\Controllers\Home->index()
#6 C:\xampp5\htdocs\peluitgithub\peluitkab.bangkalan\public_html\system\CodeIgniter.php(410): CodeIgniter\CodeIgniter->runController(Object(App\Controllers\Home))
#7 C:\xampp5\htdocs\peluitgithub\peluitkab.bangkalan\public_html\system\CodeIgniter.php(318): CodeIgniter\CodeIgniter->handleRequest(NULL, Object(Config\Cache), false)
#8 C:\xampp5\htdocs\peluitgithub\peluitkab.bangkalan\public_html\public\index.php(37): CodeIgniter\CodeIgniter->run()
#9 C:\xampp5\htdocs\peluitgithub\peluitkab.bangkalan\public_html\system\Commands\Server\rewrite.php(43): require_once('C:\\xampp5\\htdoc...')
#10 {main}
CRITICAL - 2025-01-22 09:38:15 --> Uncaught ErrorException: strtolower(): Passing null to parameter #1 ($string) of type string is deprecated in C:\xampp5\htdocs\peluitgithub\peluitkab.bangkalan\public_html\system\Validation\FormatRules.php:253
Stack trace:
#0 [internal function]: CodeIgniter\Debug\Exceptions->errorHandler(8192, 'strtolower(): P...', 'C:\\xampp5\\htdoc...', 253)
#1 C:\xampp5\htdocs\peluitgithub\peluitkab.bangkalan\public_html\system\Validation\FormatRules.php(253): strtolower(NULL)
#2 C:\xampp5\htdocs\peluitgithub\peluitkab.bangkalan\public_html\system\HTTP\RequestTrait.php(151): CodeIgniter\Validation\FormatRules->valid_ip('::1')
#3 C:\xampp5\htdocs\peluitgithub\peluitkab.bangkalan\public_html\app\Views\errors\html\error_exception.php(206): CodeIgniter\HTTP\Request->getIPAddress()
#4 C:\xampp5\htdocs\peluitgithub\peluitkab.bangkalan\public_html\system\Debug\Exceptions.php(229): include('C:\\xampp5\\htdoc...')
#5 C:\xampp5\htdocs\peluitgithub\peluitkab.bangkalan\public_html\system\Debug\Exceptions.php(232): CodeIgniter\Debug\Exceptions->CodeIgniter\Debug\{closure}()
#6 C:\xampp5\htdocs\peluitgithub\peluitkab.bangkalan\public_html\system\Debug\Exceptions.php(116): CodeIgniter\Debug\Exceptions->render(Object(CodeIgniter\Database\Exceptions\DatabaseException), 500)
#7 [internal function]: CodeIgniter\Debug\Exceptions->exceptionHandler(Object(CodeIgniter\Database\Exceptions\DatabaseException))
#8 {main}
  thrown
#0 [internal function]: CodeIgniter\Debug\Exceptions->shutdownHandler()
#1 {main}
ERROR - 2025-01-22 09:38:15 --> Error connecting to the database: ctype_digit(): Argument of type int will be interpreted as string in the future
CRITICAL - 2025-01-22 09:38:15 --> Unable to connect to the database.
Main connection [Postgre]: ctype_digit(): Argument of type int will be interpreted as string in the future
#0 C:\xampp5\htdocs\peluitgithub\peluitkab.bangkalan\public_html\system\Database\BaseConnection.php(577): CodeIgniter\Database\BaseConnection->initialize()
#1 C:\xampp5\htdocs\peluitgithub\peluitkab.bangkalan\public_html\system\Database\BaseBuilder.php(1443): CodeIgniter\Database\BaseConnection->query('SELECT *\nFROM "...', Array, false)
#2 C:\xampp5\htdocs\peluitgithub\peluitkab.bangkalan\public_html\system\Model.php(183): CodeIgniter\Database\BaseBuilder->get()
#3 C:\xampp5\htdocs\peluitgithub\peluitkab.bangkalan\public_html\system\BaseModel.php(584): CodeIgniter\Model->doFindAll(0, 0)
#4 C:\xampp5\htdocs\peluitgithub\peluitkab.bangkalan\public_html\app\Controllers\Home.php(25): CodeIgniter\BaseModel->findAll()
#5 C:\xampp5\htdocs\peluitgithub\peluitkab.bangkalan\public_html\system\CodeIgniter.php(824): App\Controllers\Home->index()
#6 C:\xampp5\htdocs\peluitgithub\peluitkab.bangkalan\public_html\system\CodeIgniter.php(410): CodeIgniter\CodeIgniter->runController(Object(App\Controllers\Home))
#7 C:\xampp5\htdocs\peluitgithub\peluitkab.bangkalan\public_html\system\CodeIgniter.php(318): CodeIgniter\CodeIgniter->handleRequest(NULL, Object(Config\Cache), false)
#8 C:\xampp5\htdocs\peluitgithub\peluitkab.bangkalan\public_html\public\index.php(37): CodeIgniter\CodeIgniter->run()
#9 C:\xampp5\htdocs\peluitgithub\peluitkab.bangkalan\public_html\system\Commands\Server\rewrite.php(43): require_once('C:\\xampp5\\htdoc...')
#10 {main}
CRITICAL - 2025-01-22 09:38:15 --> Uncaught ErrorException: strtolower(): Passing null to parameter #1 ($string) of type string is deprecated in C:\xampp5\htdocs\peluitgithub\peluitkab.bangkalan\public_html\system\Validation\FormatRules.php:253
Stack trace:
#0 [internal function]: CodeIgniter\Debug\Exceptions->errorHandler(8192, 'strtolower(): P...', 'C:\\xampp5\\htdoc...', 253)
#1 C:\xampp5\htdocs\peluitgithub\peluitkab.bangkalan\public_html\system\Validation\FormatRules.php(253): strtolower(NULL)
#2 C:\xampp5\htdocs\peluitgithub\peluitkab.bangkalan\public_html\system\HTTP\RequestTrait.php(151): CodeIgniter\Validation\FormatRules->valid_ip('::1')
#3 C:\xampp5\htdocs\peluitgithub\peluitkab.bangkalan\public_html\app\Views\errors\html\error_exception.php(206): CodeIgniter\HTTP\Request->getIPAddress()
#4 C:\xampp5\htdocs\peluitgithub\peluitkab.bangkalan\public_html\system\Debug\Exceptions.php(229): include('C:\\xampp5\\htdoc...')
#5 C:\xampp5\htdocs\peluitgithub\peluitkab.bangkalan\public_html\system\Debug\Exceptions.php(232): CodeIgniter\Debug\Exceptions->CodeIgniter\Debug\{closure}()
#6 C:\xampp5\htdocs\peluitgithub\peluitkab.bangkalan\public_html\system\Debug\Exceptions.php(116): CodeIgniter\Debug\Exceptions->render(Object(CodeIgniter\Database\Exceptions\DatabaseException), 500)
#7 [internal function]: CodeIgniter\Debug\Exceptions->exceptionHandler(Object(CodeIgniter\Database\Exceptions\DatabaseException))
#8 {main}
  thrown
#0 [internal function]: CodeIgniter\Debug\Exceptions->shutdownHandler()
#1 {main}
ERROR - 2025-01-22 09:38:15 --> Error connecting to the database: ctype_digit(): Argument of type int will be interpreted as string in the future
CRITICAL - 2025-01-22 09:38:15 --> Unable to connect to the database.
Main connection [Postgre]: ctype_digit(): Argument of type int will be interpreted as string in the future
#0 C:\xampp5\htdocs\peluitgithub\peluitkab.bangkalan\public_html\system\Database\BaseConnection.php(577): CodeIgniter\Database\BaseConnection->initialize()
#1 C:\xampp5\htdocs\peluitgithub\peluitkab.bangkalan\public_html\system\Database\BaseBuilder.php(1443): CodeIgniter\Database\BaseConnection->query('SELECT *\nFROM "...', Array, false)
#2 C:\xampp5\htdocs\peluitgithub\peluitkab.bangkalan\public_html\system\Model.php(183): CodeIgniter\Database\BaseBuilder->get()
#3 C:\xampp5\htdocs\peluitgithub\peluitkab.bangkalan\public_html\system\BaseModel.php(584): CodeIgniter\Model->doFindAll(0, 0)
#4 C:\xampp5\htdocs\peluitgithub\peluitkab.bangkalan\public_html\app\Controllers\Home.php(25): CodeIgniter\BaseModel->findAll()
#5 C:\xampp5\htdocs\peluitgithub\peluitkab.bangkalan\public_html\system\CodeIgniter.php(824): App\Controllers\Home->index()
#6 C:\xampp5\htdocs\peluitgithub\peluitkab.bangkalan\public_html\system\CodeIgniter.php(410): CodeIgniter\CodeIgniter->runController(Object(App\Controllers\Home))
#7 C:\xampp5\htdocs\peluitgithub\peluitkab.bangkalan\public_html\system\CodeIgniter.php(318): CodeIgniter\CodeIgniter->handleRequest(NULL, Object(Config\Cache), false)
#8 C:\xampp5\htdocs\peluitgithub\peluitkab.bangkalan\public_html\public\index.php(37): CodeIgniter\CodeIgniter->run()
#9 C:\xampp5\htdocs\peluitgithub\peluitkab.bangkalan\public_html\system\Commands\Server\rewrite.php(43): require_once('C:\\xampp5\\htdoc...')
#10 {main}
CRITICAL - 2025-01-22 09:38:15 --> Uncaught ErrorException: strtolower(): Passing null to parameter #1 ($string) of type string is deprecated in C:\xampp5\htdocs\peluitgithub\peluitkab.bangkalan\public_html\system\Validation\FormatRules.php:253
Stack trace:
#0 [internal function]: CodeIgniter\Debug\Exceptions->errorHandler(8192, 'strtolower(): P...', 'C:\\xampp5\\htdoc...', 253)
#1 C:\xampp5\htdocs\peluitgithub\peluitkab.bangkalan\public_html\system\Validation\FormatRules.php(253): strtolower(NULL)
#2 C:\xampp5\htdocs\peluitgithub\peluitkab.bangkalan\public_html\system\HTTP\RequestTrait.php(151): CodeIgniter\Validation\FormatRules->valid_ip('::1')
#3 C:\xampp5\htdocs\peluitgithub\peluitkab.bangkalan\public_html\app\Views\errors\html\error_exception.php(206): CodeIgniter\HTTP\Request->getIPAddress()
#4 C:\xampp5\htdocs\peluitgithub\peluitkab.bangkalan\public_html\system\Debug\Exceptions.php(229): include('C:\\xampp5\\htdoc...')
#5 C:\xampp5\htdocs\peluitgithub\peluitkab.bangkalan\public_html\system\Debug\Exceptions.php(232): CodeIgniter\Debug\Exceptions->CodeIgniter\Debug\{closure}()
#6 C:\xampp5\htdocs\peluitgithub\peluitkab.bangkalan\public_html\system\Debug\Exceptions.php(116): CodeIgniter\Debug\Exceptions->render(Object(CodeIgniter\Database\Exceptions\DatabaseException), 500)
#7 [internal function]: CodeIgniter\Debug\Exceptions->exceptionHandler(Object(CodeIgniter\Database\Exceptions\DatabaseException))
#8 {main}
  thrown
#0 [internal function]: CodeIgniter\Debug\Exceptions->shutdownHandler()
#1 {main}
ERROR - 2025-01-22 09:38:15 --> Error connecting to the database: ctype_digit(): Argument of type int will be interpreted as string in the future
CRITICAL - 2025-01-22 09:38:15 --> Unable to connect to the database.
Main connection [Postgre]: ctype_digit(): Argument of type int will be interpreted as string in the future
#0 C:\xampp5\htdocs\peluitgithub\peluitkab.bangkalan\public_html\system\Database\BaseConnection.php(577): CodeIgniter\Database\BaseConnection->initialize()
#1 C:\xampp5\htdocs\peluitgithub\peluitkab.bangkalan\public_html\system\Database\BaseBuilder.php(1443): CodeIgniter\Database\BaseConnection->query('SELECT *\nFROM "...', Array, false)
#2 C:\xampp5\htdocs\peluitgithub\peluitkab.bangkalan\public_html\system\Model.php(183): CodeIgniter\Database\BaseBuilder->get()
#3 C:\xampp5\htdocs\peluitgithub\peluitkab.bangkalan\public_html\system\BaseModel.php(584): CodeIgniter\Model->doFindAll(0, 0)
#4 C:\xampp5\htdocs\peluitgithub\peluitkab.bangkalan\public_html\app\Controllers\Home.php(25): CodeIgniter\BaseModel->findAll()
#5 C:\xampp5\htdocs\peluitgithub\peluitkab.bangkalan\public_html\system\CodeIgniter.php(824): App\Controllers\Home->index()
#6 C:\xampp5\htdocs\peluitgithub\peluitkab.bangkalan\public_html\system\CodeIgniter.php(410): CodeIgniter\CodeIgniter->runController(Object(App\Controllers\Home))
#7 C:\xampp5\htdocs\peluitgithub\peluitkab.bangkalan\public_html\system\CodeIgniter.php(318): CodeIgniter\CodeIgniter->handleRequest(NULL, Object(Config\Cache), false)
#8 C:\xampp5\htdocs\peluitgithub\peluitkab.bangkalan\public_html\public\index.php(37): CodeIgniter\CodeIgniter->run()
#9 C:\xampp5\htdocs\peluitgithub\peluitkab.bangkalan\public_html\system\Commands\Server\rewrite.php(43): require_once('C:\\xampp5\\htdoc...')
#10 {main}
CRITICAL - 2025-01-22 09:38:15 --> Uncaught ErrorException: strtolower(): Passing null to parameter #1 ($string) of type string is deprecated in C:\xampp5\htdocs\peluitgithub\peluitkab.bangkalan\public_html\system\Validation\FormatRules.php:253
Stack trace:
#0 [internal function]: CodeIgniter\Debug\Exceptions->errorHandler(8192, 'strtolower(): P...', 'C:\\xampp5\\htdoc...', 253)
#1 C:\xampp5\htdocs\peluitgithub\peluitkab.bangkalan\public_html\system\Validation\FormatRules.php(253): strtolower(NULL)
#2 C:\xampp5\htdocs\peluitgithub\peluitkab.bangkalan\public_html\system\HTTP\RequestTrait.php(151): CodeIgniter\Validation\FormatRules->valid_ip('::1')
#3 C:\xampp5\htdocs\peluitgithub\peluitkab.bangkalan\public_html\app\Views\errors\html\error_exception.php(206): CodeIgniter\HTTP\Request->getIPAddress()
#4 C:\xampp5\htdocs\peluitgithub\peluitkab.bangkalan\public_html\system\Debug\Exceptions.php(229): include('C:\\xampp5\\htdoc...')
#5 C:\xampp5\htdocs\peluitgithub\peluitkab.bangkalan\public_html\system\Debug\Exceptions.php(232): CodeIgniter\Debug\Exceptions->CodeIgniter\Debug\{closure}()
#6 C:\xampp5\htdocs\peluitgithub\peluitkab.bangkalan\public_html\system\Debug\Exceptions.php(116): CodeIgniter\Debug\Exceptions->render(Object(CodeIgniter\Database\Exceptions\DatabaseException), 500)
#7 [internal function]: CodeIgniter\Debug\Exceptions->exceptionHandler(Object(CodeIgniter\Database\Exceptions\DatabaseException))
#8 {main}
  thrown
#0 [internal function]: CodeIgniter\Debug\Exceptions->shutdownHandler()
#1 {main}
ERROR - 2025-01-22 09:38:16 --> Error connecting to the database: ctype_digit(): Argument of type int will be interpreted as string in the future
CRITICAL - 2025-01-22 09:38:16 --> Unable to connect to the database.
Main connection [Postgre]: ctype_digit(): Argument of type int will be interpreted as string in the future
#0 C:\xampp5\htdocs\peluitgithub\peluitkab.bangkalan\public_html\system\Database\BaseConnection.php(577): CodeIgniter\Database\BaseConnection->initialize()
#1 C:\xampp5\htdocs\peluitgithub\peluitkab.bangkalan\public_html\system\Database\BaseBuilder.php(1443): CodeIgniter\Database\BaseConnection->query('SELECT *\nFROM "...', Array, false)
#2 C:\xampp5\htdocs\peluitgithub\peluitkab.bangkalan\public_html\system\Model.php(183): CodeIgniter\Database\BaseBuilder->get()
#3 C:\xampp5\htdocs\peluitgithub\peluitkab.bangkalan\public_html\system\BaseModel.php(584): CodeIgniter\Model->doFindAll(0, 0)
#4 C:\xampp5\htdocs\peluitgithub\peluitkab.bangkalan\public_html\app\Controllers\Home.php(25): CodeIgniter\BaseModel->findAll()
#5 C:\xampp5\htdocs\peluitgithub\peluitkab.bangkalan\public_html\system\CodeIgniter.php(824): App\Controllers\Home->index()
#6 C:\xampp5\htdocs\peluitgithub\peluitkab.bangkalan\public_html\system\CodeIgniter.php(410): CodeIgniter\CodeIgniter->runController(Object(App\Controllers\Home))
#7 C:\xampp5\htdocs\peluitgithub\peluitkab.bangkalan\public_html\system\CodeIgniter.php(318): CodeIgniter\CodeIgniter->handleRequest(NULL, Object(Config\Cache), false)
#8 C:\xampp5\htdocs\peluitgithub\peluitkab.bangkalan\public_html\public\index.php(37): CodeIgniter\CodeIgniter->run()
#9 C:\xampp5\htdocs\peluitgithub\peluitkab.bangkalan\public_html\system\Commands\Server\rewrite.php(43): require_once('C:\\xampp5\\htdoc...')
#10 {main}
CRITICAL - 2025-01-22 09:38:16 --> Uncaught ErrorException: strtolower(): Passing null to parameter #1 ($string) of type string is deprecated in C:\xampp5\htdocs\peluitgithub\peluitkab.bangkalan\public_html\system\Validation\FormatRules.php:253
Stack trace:
#0 [internal function]: CodeIgniter\Debug\Exceptions->errorHandler(8192, 'strtolower(): P...', 'C:\\xampp5\\htdoc...', 253)
#1 C:\xampp5\htdocs\peluitgithub\peluitkab.bangkalan\public_html\system\Validation\FormatRules.php(253): strtolower(NULL)
#2 C:\xampp5\htdocs\peluitgithub\peluitkab.bangkalan\public_html\system\HTTP\RequestTrait.php(151): CodeIgniter\Validation\FormatRules->valid_ip('::1')
#3 C:\xampp5\htdocs\peluitgithub\peluitkab.bangkalan\public_html\app\Views\errors\html\error_exception.php(206): CodeIgniter\HTTP\Request->getIPAddress()
#4 C:\xampp5\htdocs\peluitgithub\peluitkab.bangkalan\public_html\system\Debug\Exceptions.php(229): include('C:\\xampp5\\htdoc...')
#5 C:\xampp5\htdocs\peluitgithub\peluitkab.bangkalan\public_html\system\Debug\Exceptions.php(232): CodeIgniter\Debug\Exceptions->CodeIgniter\Debug\{closure}()
#6 C:\xampp5\htdocs\peluitgithub\peluitkab.bangkalan\public_html\system\Debug\Exceptions.php(116): CodeIgniter\Debug\Exceptions->render(Object(CodeIgniter\Database\Exceptions\DatabaseException), 500)
#7 [internal function]: CodeIgniter\Debug\Exceptions->exceptionHandler(Object(CodeIgniter\Database\Exceptions\DatabaseException))
#8 {main}
  thrown
#0 [internal function]: CodeIgniter\Debug\Exceptions->shutdownHandler()
#1 {main}
ERROR - 2025-01-22 09:38:16 --> Error connecting to the database: ctype_digit(): Argument of type int will be interpreted as string in the future
CRITICAL - 2025-01-22 09:38:16 --> Unable to connect to the database.
Main connection [Postgre]: ctype_digit(): Argument of type int will be interpreted as string in the future
#0 C:\xampp5\htdocs\peluitgithub\peluitkab.bangkalan\public_html\system\Database\BaseConnection.php(577): CodeIgniter\Database\BaseConnection->initialize()
#1 C:\xampp5\htdocs\peluitgithub\peluitkab.bangkalan\public_html\system\Database\BaseBuilder.php(1443): CodeIgniter\Database\BaseConnection->query('SELECT *\nFROM "...', Array, false)
#2 C:\xampp5\htdocs\peluitgithub\peluitkab.bangkalan\public_html\system\Model.php(183): CodeIgniter\Database\BaseBuilder->get()
#3 C:\xampp5\htdocs\peluitgithub\peluitkab.bangkalan\public_html\system\BaseModel.php(584): CodeIgniter\Model->doFindAll(0, 0)
#4 C:\xampp5\htdocs\peluitgithub\peluitkab.bangkalan\public_html\app\Controllers\Home.php(25): CodeIgniter\BaseModel->findAll()
#5 C:\xampp5\htdocs\peluitgithub\peluitkab.bangkalan\public_html\system\CodeIgniter.php(824): App\Controllers\Home->index()
#6 C:\xampp5\htdocs\peluitgithub\peluitkab.bangkalan\public_html\system\CodeIgniter.php(410): CodeIgniter\CodeIgniter->runController(Object(App\Controllers\Home))
#7 C:\xampp5\htdocs\peluitgithub\peluitkab.bangkalan\public_html\system\CodeIgniter.php(318): CodeIgniter\CodeIgniter->handleRequest(NULL, Object(Config\Cache), false)
#8 C:\xampp5\htdocs\peluitgithub\peluitkab.bangkalan\public_html\public\index.php(37): CodeIgniter\CodeIgniter->run()
#9 C:\xampp5\htdocs\peluitgithub\peluitkab.bangkalan\public_html\system\Commands\Server\rewrite.php(43): require_once('C:\\xampp5\\htdoc...')
#10 {main}
CRITICAL - 2025-01-22 09:38:16 --> Uncaught ErrorException: strtolower(): Passing null to parameter #1 ($string) of type string is deprecated in C:\xampp5\htdocs\peluitgithub\peluitkab.bangkalan\public_html\system\Validation\FormatRules.php:253
Stack trace:
#0 [internal function]: CodeIgniter\Debug\Exceptions->errorHandler(8192, 'strtolower(): P...', 'C:\\xampp5\\htdoc...', 253)
#1 C:\xampp5\htdocs\peluitgithub\peluitkab.bangkalan\public_html\system\Validation\FormatRules.php(253): strtolower(NULL)
#2 C:\xampp5\htdocs\peluitgithub\peluitkab.bangkalan\public_html\system\HTTP\RequestTrait.php(151): CodeIgniter\Validation\FormatRules->valid_ip('::1')
#3 C:\xampp5\htdocs\peluitgithub\peluitkab.bangkalan\public_html\app\Views\errors\html\error_exception.php(206): CodeIgniter\HTTP\Request->getIPAddress()
#4 C:\xampp5\htdocs\peluitgithub\peluitkab.bangkalan\public_html\system\Debug\Exceptions.php(229): include('C:\\xampp5\\htdoc...')
#5 C:\xampp5\htdocs\peluitgithub\peluitkab.bangkalan\public_html\system\Debug\Exceptions.php(232): CodeIgniter\Debug\Exceptions->CodeIgniter\Debug\{closure}()
#6 C:\xampp5\htdocs\peluitgithub\peluitkab.bangkalan\public_html\system\Debug\Exceptions.php(116): CodeIgniter\Debug\Exceptions->render(Object(CodeIgniter\Database\Exceptions\DatabaseException), 500)
#7 [internal function]: CodeIgniter\Debug\Exceptions->exceptionHandler(Object(CodeIgniter\Database\Exceptions\DatabaseException))
#8 {main}
  thrown
#0 [internal function]: CodeIgniter\Debug\Exceptions->shutdownHandler()
#1 {main}
ERROR - 2025-01-22 09:38:16 --> Error connecting to the database: ctype_digit(): Argument of type int will be interpreted as string in the future
CRITICAL - 2025-01-22 09:38:16 --> Unable to connect to the database.
Main connection [Postgre]: ctype_digit(): Argument of type int will be interpreted as string in the future
#0 C:\xampp5\htdocs\peluitgithub\peluitkab.bangkalan\public_html\system\Database\BaseConnection.php(577): CodeIgniter\Database\BaseConnection->initialize()
#1 C:\xampp5\htdocs\peluitgithub\peluitkab.bangkalan\public_html\system\Database\BaseBuilder.php(1443): CodeIgniter\Database\BaseConnection->query('SELECT *\nFROM "...', Array, false)
#2 C:\xampp5\htdocs\peluitgithub\peluitkab.bangkalan\public_html\system\Model.php(183): CodeIgniter\Database\BaseBuilder->get()
#3 C:\xampp5\htdocs\peluitgithub\peluitkab.bangkalan\public_html\system\BaseModel.php(584): CodeIgniter\Model->doFindAll(0, 0)
#4 C:\xampp5\htdocs\peluitgithub\peluitkab.bangkalan\public_html\app\Controllers\Home.php(25): CodeIgniter\BaseModel->findAll()
#5 C:\xampp5\htdocs\peluitgithub\peluitkab.bangkalan\public_html\system\CodeIgniter.php(824): App\Controllers\Home->index()
#6 C:\xampp5\htdocs\peluitgithub\peluitkab.bangkalan\public_html\system\CodeIgniter.php(410): CodeIgniter\CodeIgniter->runController(Object(App\Controllers\Home))
#7 C:\xampp5\htdocs\peluitgithub\peluitkab.bangkalan\public_html\system\CodeIgniter.php(318): CodeIgniter\CodeIgniter->handleRequest(NULL, Object(Config\Cache), false)
#8 C:\xampp5\htdocs\peluitgithub\peluitkab.bangkalan\public_html\public\index.php(37): CodeIgniter\CodeIgniter->run()
#9 C:\xampp5\htdocs\peluitgithub\peluitkab.bangkalan\public_html\system\Commands\Server\rewrite.php(43): require_once('C:\\xampp5\\htdoc...')
#10 {main}
CRITICAL - 2025-01-22 09:38:16 --> Uncaught ErrorException: strtolower(): Passing null to parameter #1 ($string) of type string is deprecated in C:\xampp5\htdocs\peluitgithub\peluitkab.bangkalan\public_html\system\Validation\FormatRules.php:253
Stack trace:
#0 [internal function]: CodeIgniter\Debug\Exceptions->errorHandler(8192, 'strtolower(): P...', 'C:\\xampp5\\htdoc...', 253)
#1 C:\xampp5\htdocs\peluitgithub\peluitkab.bangkalan\public_html\system\Validation\FormatRules.php(253): strtolower(NULL)
#2 C:\xampp5\htdocs\peluitgithub\peluitkab.bangkalan\public_html\system\HTTP\RequestTrait.php(151): CodeIgniter\Validation\FormatRules->valid_ip('::1')
#3 C:\xampp5\htdocs\peluitgithub\peluitkab.bangkalan\public_html\app\Views\errors\html\error_exception.php(206): CodeIgniter\HTTP\Request->getIPAddress()
#4 C:\xampp5\htdocs\peluitgithub\peluitkab.bangkalan\public_html\system\Debug\Exceptions.php(229): include('C:\\xampp5\\htdoc...')
#5 C:\xampp5\htdocs\peluitgithub\peluitkab.bangkalan\public_html\system\Debug\Exceptions.php(232): CodeIgniter\Debug\Exceptions->CodeIgniter\Debug\{closure}()
#6 C:\xampp5\htdocs\peluitgithub\peluitkab.bangkalan\public_html\system\Debug\Exceptions.php(116): CodeIgniter\Debug\Exceptions->render(Object(CodeIgniter\Database\Exceptions\DatabaseException), 500)
#7 [internal function]: CodeIgniter\Debug\Exceptions->exceptionHandler(Object(CodeIgniter\Database\Exceptions\DatabaseException))
#8 {main}
  thrown
#0 [internal function]: CodeIgniter\Debug\Exceptions->shutdownHandler()
#1 {main}
ERROR - 2025-01-22 09:38:16 --> Error connecting to the database: ctype_digit(): Argument of type int will be interpreted as string in the future
CRITICAL - 2025-01-22 09:38:16 --> Unable to connect to the database.
Main connection [Postgre]: ctype_digit(): Argument of type int will be interpreted as string in the future
#0 C:\xampp5\htdocs\peluitgithub\peluitkab.bangkalan\public_html\system\Database\BaseConnection.php(577): CodeIgniter\Database\BaseConnection->initialize()
#1 C:\xampp5\htdocs\peluitgithub\peluitkab.bangkalan\public_html\system\Database\BaseBuilder.php(1443): CodeIgniter\Database\BaseConnection->query('SELECT *\nFROM "...', Array, false)
#2 C:\xampp5\htdocs\peluitgithub\peluitkab.bangkalan\public_html\system\Model.php(183): CodeIgniter\Database\BaseBuilder->get()
#3 C:\xampp5\htdocs\peluitgithub\peluitkab.bangkalan\public_html\system\BaseModel.php(584): CodeIgniter\Model->doFindAll(0, 0)
#4 C:\xampp5\htdocs\peluitgithub\peluitkab.bangkalan\public_html\app\Controllers\Home.php(25): CodeIgniter\BaseModel->findAll()
#5 C:\xampp5\htdocs\peluitgithub\peluitkab.bangkalan\public_html\system\CodeIgniter.php(824): App\Controllers\Home->index()
#6 C:\xampp5\htdocs\peluitgithub\peluitkab.bangkalan\public_html\system\CodeIgniter.php(410): CodeIgniter\CodeIgniter->runController(Object(App\Controllers\Home))
#7 C:\xampp5\htdocs\peluitgithub\peluitkab.bangkalan\public_html\system\CodeIgniter.php(318): CodeIgniter\CodeIgniter->handleRequest(NULL, Object(Config\Cache), false)
#8 C:\xampp5\htdocs\peluitgithub\peluitkab.bangkalan\public_html\public\index.php(37): CodeIgniter\CodeIgniter->run()
#9 C:\xampp5\htdocs\peluitgithub\peluitkab.bangkalan\public_html\system\Commands\Server\rewrite.php(43): require_once('C:\\xampp5\\htdoc...')
#10 {main}
CRITICAL - 2025-01-22 09:38:16 --> Uncaught ErrorException: strtolower(): Passing null to parameter #1 ($string) of type string is deprecated in C:\xampp5\htdocs\peluitgithub\peluitkab.bangkalan\public_html\system\Validation\FormatRules.php:253
Stack trace:
#0 [internal function]: CodeIgniter\Debug\Exceptions->errorHandler(8192, 'strtolower(): P...', 'C:\\xampp5\\htdoc...', 253)
#1 C:\xampp5\htdocs\peluitgithub\peluitkab.bangkalan\public_html\system\Validation\FormatRules.php(253): strtolower(NULL)
#2 C:\xampp5\htdocs\peluitgithub\peluitkab.bangkalan\public_html\system\HTTP\RequestTrait.php(151): CodeIgniter\Validation\FormatRules->valid_ip('::1')
#3 C:\xampp5\htdocs\peluitgithub\peluitkab.bangkalan\public_html\app\Views\errors\html\error_exception.php(206): CodeIgniter\HTTP\Request->getIPAddress()
#4 C:\xampp5\htdocs\peluitgithub\peluitkab.bangkalan\public_html\system\Debug\Exceptions.php(229): include('C:\\xampp5\\htdoc...')
#5 C:\xampp5\htdocs\peluitgithub\peluitkab.bangkalan\public_html\system\Debug\Exceptions.php(232): CodeIgniter\Debug\Exceptions->CodeIgniter\Debug\{closure}()
#6 C:\xampp5\htdocs\peluitgithub\peluitkab.bangkalan\public_html\system\Debug\Exceptions.php(116): CodeIgniter\Debug\Exceptions->render(Object(CodeIgniter\Database\Exceptions\DatabaseException), 500)
#7 [internal function]: CodeIgniter\Debug\Exceptions->exceptionHandler(Object(CodeIgniter\Database\Exceptions\DatabaseException))
#8 {main}
  thrown
#0 [internal function]: CodeIgniter\Debug\Exceptions->shutdownHandler()
#1 {main}
ERROR - 2025-01-22 09:38:16 --> Error connecting to the database: ctype_digit(): Argument of type int will be interpreted as string in the future
CRITICAL - 2025-01-22 09:38:16 --> Unable to connect to the database.
Main connection [Postgre]: ctype_digit(): Argument of type int will be interpreted as string in the future
#0 C:\xampp5\htdocs\peluitgithub\peluitkab.bangkalan\public_html\system\Database\BaseConnection.php(577): CodeIgniter\Database\BaseConnection->initialize()
#1 C:\xampp5\htdocs\peluitgithub\peluitkab.bangkalan\public_html\system\Database\BaseBuilder.php(1443): CodeIgniter\Database\BaseConnection->query('SELECT *\nFROM "...', Array, false)
#2 C:\xampp5\htdocs\peluitgithub\peluitkab.bangkalan\public_html\system\Model.php(183): CodeIgniter\Database\BaseBuilder->get()
#3 C:\xampp5\htdocs\peluitgithub\peluitkab.bangkalan\public_html\system\BaseModel.php(584): CodeIgniter\Model->doFindAll(0, 0)
#4 C:\xampp5\htdocs\peluitgithub\peluitkab.bangkalan\public_html\app\Controllers\Home.php(25): CodeIgniter\BaseModel->findAll()
#5 C:\xampp5\htdocs\peluitgithub\peluitkab.bangkalan\public_html\system\CodeIgniter.php(824): App\Controllers\Home->index()
#6 C:\xampp5\htdocs\peluitgithub\peluitkab.bangkalan\public_html\system\CodeIgniter.php(410): CodeIgniter\CodeIgniter->runController(Object(App\Controllers\Home))
#7 C:\xampp5\htdocs\peluitgithub\peluitkab.bangkalan\public_html\system\CodeIgniter.php(318): CodeIgniter\CodeIgniter->handleRequest(NULL, Object(Config\Cache), false)
#8 C:\xampp5\htdocs\peluitgithub\peluitkab.bangkalan\public_html\public\index.php(37): CodeIgniter\CodeIgniter->run()
#9 C:\xampp5\htdocs\peluitgithub\peluitkab.bangkalan\public_html\system\Commands\Server\rewrite.php(43): require_once('C:\\xampp5\\htdoc...')
#10 {main}
CRITICAL - 2025-01-22 09:38:16 --> Uncaught ErrorException: strtolower(): Passing null to parameter #1 ($string) of type string is deprecated in C:\xampp5\htdocs\peluitgithub\peluitkab.bangkalan\public_html\system\Validation\FormatRules.php:253
Stack trace:
#0 [internal function]: CodeIgniter\Debug\Exceptions->errorHandler(8192, 'strtolower(): P...', 'C:\\xampp5\\htdoc...', 253)
#1 C:\xampp5\htdocs\peluitgithub\peluitkab.bangkalan\public_html\system\Validation\FormatRules.php(253): strtolower(NULL)
#2 C:\xampp5\htdocs\peluitgithub\peluitkab.bangkalan\public_html\system\HTTP\RequestTrait.php(151): CodeIgniter\Validation\FormatRules->valid_ip('::1')
#3 C:\xampp5\htdocs\peluitgithub\peluitkab.bangkalan\public_html\app\Views\errors\html\error_exception.php(206): CodeIgniter\HTTP\Request->getIPAddress()
#4 C:\xampp5\htdocs\peluitgithub\peluitkab.bangkalan\public_html\system\Debug\Exceptions.php(229): include('C:\\xampp5\\htdoc...')
#5 C:\xampp5\htdocs\peluitgithub\peluitkab.bangkalan\public_html\system\Debug\Exceptions.php(232): CodeIgniter\Debug\Exceptions->CodeIgniter\Debug\{closure}()
#6 C:\xampp5\htdocs\peluitgithub\peluitkab.bangkalan\public_html\system\Debug\Exceptions.php(116): CodeIgniter\Debug\Exceptions->render(Object(CodeIgniter\Database\Exceptions\DatabaseException), 500)
#7 [internal function]: CodeIgniter\Debug\Exceptions->exceptionHandler(Object(CodeIgniter\Database\Exceptions\DatabaseException))
#8 {main}
  thrown
#0 [internal function]: CodeIgniter\Debug\Exceptions->shutdownHandler()
#1 {main}
ERROR - 2025-01-22 09:38:17 --> Error connecting to the database: ctype_digit(): Argument of type int will be interpreted as string in the future
CRITICAL - 2025-01-22 09:38:17 --> Unable to connect to the database.
Main connection [Postgre]: ctype_digit(): Argument of type int will be interpreted as string in the future
#0 C:\xampp5\htdocs\peluitgithub\peluitkab.bangkalan\public_html\system\Database\BaseConnection.php(577): CodeIgniter\Database\BaseConnection->initialize()
#1 C:\xampp5\htdocs\peluitgithub\peluitkab.bangkalan\public_html\system\Database\BaseBuilder.php(1443): CodeIgniter\Database\BaseConnection->query('SELECT *\nFROM "...', Array, false)
#2 C:\xampp5\htdocs\peluitgithub\peluitkab.bangkalan\public_html\system\Model.php(183): CodeIgniter\Database\BaseBuilder->get()
#3 C:\xampp5\htdocs\peluitgithub\peluitkab.bangkalan\public_html\system\BaseModel.php(584): CodeIgniter\Model->doFindAll(0, 0)
#4 C:\xampp5\htdocs\peluitgithub\peluitkab.bangkalan\public_html\app\Controllers\Home.php(25): CodeIgniter\BaseModel->findAll()
#5 C:\xampp5\htdocs\peluitgithub\peluitkab.bangkalan\public_html\system\CodeIgniter.php(824): App\Controllers\Home->index()
#6 C:\xampp5\htdocs\peluitgithub\peluitkab.bangkalan\public_html\system\CodeIgniter.php(410): CodeIgniter\CodeIgniter->runController(Object(App\Controllers\Home))
#7 C:\xampp5\htdocs\peluitgithub\peluitkab.bangkalan\public_html\system\CodeIgniter.php(318): CodeIgniter\CodeIgniter->handleRequest(NULL, Object(Config\Cache), false)
#8 C:\xampp5\htdocs\peluitgithub\peluitkab.bangkalan\public_html\public\index.php(37): CodeIgniter\CodeIgniter->run()
#9 C:\xampp5\htdocs\peluitgithub\peluitkab.bangkalan\public_html\system\Commands\Server\rewrite.php(43): require_once('C:\\xampp5\\htdoc...')
#10 {main}
CRITICAL - 2025-01-22 09:38:17 --> Uncaught ErrorException: strtolower(): Passing null to parameter #1 ($string) of type string is deprecated in C:\xampp5\htdocs\peluitgithub\peluitkab.bangkalan\public_html\system\Validation\FormatRules.php:253
Stack trace:
#0 [internal function]: CodeIgniter\Debug\Exceptions->errorHandler(8192, 'strtolower(): P...', 'C:\\xampp5\\htdoc...', 253)
#1 C:\xampp5\htdocs\peluitgithub\peluitkab.bangkalan\public_html\system\Validation\FormatRules.php(253): strtolower(NULL)
#2 C:\xampp5\htdocs\peluitgithub\peluitkab.bangkalan\public_html\system\HTTP\RequestTrait.php(151): CodeIgniter\Validation\FormatRules->valid_ip('::1')
#3 C:\xampp5\htdocs\peluitgithub\peluitkab.bangkalan\public_html\app\Views\errors\html\error_exception.php(206): CodeIgniter\HTTP\Request->getIPAddress()
#4 C:\xampp5\htdocs\peluitgithub\peluitkab.bangkalan\public_html\system\Debug\Exceptions.php(229): include('C:\\xampp5\\htdoc...')
#5 C:\xampp5\htdocs\peluitgithub\peluitkab.bangkalan\public_html\system\Debug\Exceptions.php(232): CodeIgniter\Debug\Exceptions->CodeIgniter\Debug\{closure}()
#6 C:\xampp5\htdocs\peluitgithub\peluitkab.bangkalan\public_html\system\Debug\Exceptions.php(116): CodeIgniter\Debug\Exceptions->render(Object(CodeIgniter\Database\Exceptions\DatabaseException), 500)
#7 [internal function]: CodeIgniter\Debug\Exceptions->exceptionHandler(Object(CodeIgniter\Database\Exceptions\DatabaseException))
#8 {main}
  thrown
#0 [internal function]: CodeIgniter\Debug\Exceptions->shutdownHandler()
#1 {main}
ERROR - 2025-01-22 09:38:17 --> Error connecting to the database: ctype_digit(): Argument of type int will be interpreted as string in the future
CRITICAL - 2025-01-22 09:38:17 --> Unable to connect to the database.
Main connection [Postgre]: ctype_digit(): Argument of type int will be interpreted as string in the future
#0 C:\xampp5\htdocs\peluitgithub\peluitkab.bangkalan\public_html\system\Database\BaseConnection.php(577): CodeIgniter\Database\BaseConnection->initialize()
#1 C:\xampp5\htdocs\peluitgithub\peluitkab.bangkalan\public_html\system\Database\BaseBuilder.php(1443): CodeIgniter\Database\BaseConnection->query('SELECT *\nFROM "...', Array, false)
#2 C:\xampp5\htdocs\peluitgithub\peluitkab.bangkalan\public_html\system\Model.php(183): CodeIgniter\Database\BaseBuilder->get()
#3 C:\xampp5\htdocs\peluitgithub\peluitkab.bangkalan\public_html\system\BaseModel.php(584): CodeIgniter\Model->doFindAll(0, 0)
#4 C:\xampp5\htdocs\peluitgithub\peluitkab.bangkalan\public_html\app\Controllers\Home.php(25): CodeIgniter\BaseModel->findAll()
#5 C:\xampp5\htdocs\peluitgithub\peluitkab.bangkalan\public_html\system\CodeIgniter.php(824): App\Controllers\Home->index()
#6 C:\xampp5\htdocs\peluitgithub\peluitkab.bangkalan\public_html\system\CodeIgniter.php(410): CodeIgniter\CodeIgniter->runController(Object(App\Controllers\Home))
#7 C:\xampp5\htdocs\peluitgithub\peluitkab.bangkalan\public_html\system\CodeIgniter.php(318): CodeIgniter\CodeIgniter->handleRequest(NULL, Object(Config\Cache), false)
#8 C:\xampp5\htdocs\peluitgithub\peluitkab.bangkalan\public_html\public\index.php(37): CodeIgniter\CodeIgniter->run()
#9 C:\xampp5\htdocs\peluitgithub\peluitkab.bangkalan\public_html\system\Commands\Server\rewrite.php(43): require_once('C:\\xampp5\\htdoc...')
#10 {main}
CRITICAL - 2025-01-22 09:38:17 --> Uncaught ErrorException: strtolower(): Passing null to parameter #1 ($string) of type string is deprecated in C:\xampp5\htdocs\peluitgithub\peluitkab.bangkalan\public_html\system\Validation\FormatRules.php:253
Stack trace:
#0 [internal function]: CodeIgniter\Debug\Exceptions->errorHandler(8192, 'strtolower(): P...', 'C:\\xampp5\\htdoc...', 253)
#1 C:\xampp5\htdocs\peluitgithub\peluitkab.bangkalan\public_html\system\Validation\FormatRules.php(253): strtolower(NULL)
#2 C:\xampp5\htdocs\peluitgithub\peluitkab.bangkalan\public_html\system\HTTP\RequestTrait.php(151): CodeIgniter\Validation\FormatRules->valid_ip('::1')
#3 C:\xampp5\htdocs\peluitgithub\peluitkab.bangkalan\public_html\app\Views\errors\html\error_exception.php(206): CodeIgniter\HTTP\Request->getIPAddress()
#4 C:\xampp5\htdocs\peluitgithub\peluitkab.bangkalan\public_html\system\Debug\Exceptions.php(229): include('C:\\xampp5\\htdoc...')
#5 C:\xampp5\htdocs\peluitgithub\peluitkab.bangkalan\public_html\system\Debug\Exceptions.php(232): CodeIgniter\Debug\Exceptions->CodeIgniter\Debug\{closure}()
#6 C:\xampp5\htdocs\peluitgithub\peluitkab.bangkalan\public_html\system\Debug\Exceptions.php(116): CodeIgniter\Debug\Exceptions->render(Object(CodeIgniter\Database\Exceptions\DatabaseException), 500)
#7 [internal function]: CodeIgniter\Debug\Exceptions->exceptionHandler(Object(CodeIgniter\Database\Exceptions\DatabaseException))
#8 {main}
  thrown
#0 [internal function]: CodeIgniter\Debug\Exceptions->shutdownHandler()
#1 {main}
ERROR - 2025-01-22 09:38:17 --> Error connecting to the database: ctype_digit(): Argument of type int will be interpreted as string in the future
CRITICAL - 2025-01-22 09:38:17 --> Unable to connect to the database.
Main connection [Postgre]: ctype_digit(): Argument of type int will be interpreted as string in the future
#0 C:\xampp5\htdocs\peluitgithub\peluitkab.bangkalan\public_html\system\Database\BaseConnection.php(577): CodeIgniter\Database\BaseConnection->initialize()
#1 C:\xampp5\htdocs\peluitgithub\peluitkab.bangkalan\public_html\system\Database\BaseBuilder.php(1443): CodeIgniter\Database\BaseConnection->query('SELECT *\nFROM "...', Array, false)
#2 C:\xampp5\htdocs\peluitgithub\peluitkab.bangkalan\public_html\system\Model.php(183): CodeIgniter\Database\BaseBuilder->get()
#3 C:\xampp5\htdocs\peluitgithub\peluitkab.bangkalan\public_html\system\BaseModel.php(584): CodeIgniter\Model->doFindAll(0, 0)
#4 C:\xampp5\htdocs\peluitgithub\peluitkab.bangkalan\public_html\app\Controllers\Home.php(25): CodeIgniter\BaseModel->findAll()
#5 C:\xampp5\htdocs\peluitgithub\peluitkab.bangkalan\public_html\system\CodeIgniter.php(824): App\Controllers\Home->index()
#6 C:\xampp5\htdocs\peluitgithub\peluitkab.bangkalan\public_html\system\CodeIgniter.php(410): CodeIgniter\CodeIgniter->runController(Object(App\Controllers\Home))
#7 C:\xampp5\htdocs\peluitgithub\peluitkab.bangkalan\public_html\system\CodeIgniter.php(318): CodeIgniter\CodeIgniter->handleRequest(NULL, Object(Config\Cache), false)
#8 C:\xampp5\htdocs\peluitgithub\peluitkab.bangkalan\public_html\public\index.php(37): CodeIgniter\CodeIgniter->run()
#9 C:\xampp5\htdocs\peluitgithub\peluitkab.bangkalan\public_html\system\Commands\Server\rewrite.php(43): require_once('C:\\xampp5\\htdoc...')
#10 {main}
CRITICAL - 2025-01-22 09:38:17 --> Uncaught ErrorException: strtolower(): Passing null to parameter #1 ($string) of type string is deprecated in C:\xampp5\htdocs\peluitgithub\peluitkab.bangkalan\public_html\system\Validation\FormatRules.php:253
Stack trace:
#0 [internal function]: CodeIgniter\Debug\Exceptions->errorHandler(8192, 'strtolower(): P...', 'C:\\xampp5\\htdoc...', 253)
#1 C:\xampp5\htdocs\peluitgithub\peluitkab.bangkalan\public_html\system\Validation\FormatRules.php(253): strtolower(NULL)
#2 C:\xampp5\htdocs\peluitgithub\peluitkab.bangkalan\public_html\system\HTTP\RequestTrait.php(151): CodeIgniter\Validation\FormatRules->valid_ip('::1')
#3 C:\xampp5\htdocs\peluitgithub\peluitkab.bangkalan\public_html\app\Views\errors\html\error_exception.php(206): CodeIgniter\HTTP\Request->getIPAddress()
#4 C:\xampp5\htdocs\peluitgithub\peluitkab.bangkalan\public_html\system\Debug\Exceptions.php(229): include('C:\\xampp5\\htdoc...')
#5 C:\xampp5\htdocs\peluitgithub\peluitkab.bangkalan\public_html\system\Debug\Exceptions.php(232): CodeIgniter\Debug\Exceptions->CodeIgniter\Debug\{closure}()
#6 C:\xampp5\htdocs\peluitgithub\peluitkab.bangkalan\public_html\system\Debug\Exceptions.php(116): CodeIgniter\Debug\Exceptions->render(Object(CodeIgniter\Database\Exceptions\DatabaseException), 500)
#7 [internal function]: CodeIgniter\Debug\Exceptions->exceptionHandler(Object(CodeIgniter\Database\Exceptions\DatabaseException))
#8 {main}
  thrown
#0 [internal function]: CodeIgniter\Debug\Exceptions->shutdownHandler()
#1 {main}
ERROR - 2025-01-22 09:38:17 --> Error connecting to the database: ctype_digit(): Argument of type int will be interpreted as string in the future
CRITICAL - 2025-01-22 09:38:17 --> Unable to connect to the database.
Main connection [Postgre]: ctype_digit(): Argument of type int will be interpreted as string in the future
#0 C:\xampp5\htdocs\peluitgithub\peluitkab.bangkalan\public_html\system\Database\BaseConnection.php(577): CodeIgniter\Database\BaseConnection->initialize()
#1 C:\xampp5\htdocs\peluitgithub\peluitkab.bangkalan\public_html\system\Database\BaseBuilder.php(1443): CodeIgniter\Database\BaseConnection->query('SELECT *\nFROM "...', Array, false)
#2 C:\xampp5\htdocs\peluitgithub\peluitkab.bangkalan\public_html\system\Model.php(183): CodeIgniter\Database\BaseBuilder->get()
#3 C:\xampp5\htdocs\peluitgithub\peluitkab.bangkalan\public_html\system\BaseModel.php(584): CodeIgniter\Model->doFindAll(0, 0)
#4 C:\xampp5\htdocs\peluitgithub\peluitkab.bangkalan\public_html\app\Controllers\Home.php(25): CodeIgniter\BaseModel->findAll()
#5 C:\xampp5\htdocs\peluitgithub\peluitkab.bangkalan\public_html\system\CodeIgniter.php(824): App\Controllers\Home->index()
#6 C:\xampp5\htdocs\peluitgithub\peluitkab.bangkalan\public_html\system\CodeIgniter.php(410): CodeIgniter\CodeIgniter->runController(Object(App\Controllers\Home))
#7 C:\xampp5\htdocs\peluitgithub\peluitkab.bangkalan\public_html\system\CodeIgniter.php(318): CodeIgniter\CodeIgniter->handleRequest(NULL, Object(Config\Cache), false)
#8 C:\xampp5\htdocs\peluitgithub\peluitkab.bangkalan\public_html\public\index.php(37): CodeIgniter\CodeIgniter->run()
#9 C:\xampp5\htdocs\peluitgithub\peluitkab.bangkalan\public_html\system\Commands\Server\rewrite.php(43): require_once('C:\\xampp5\\htdoc...')
#10 {main}
CRITICAL - 2025-01-22 09:38:17 --> Uncaught ErrorException: strtolower(): Passing null to parameter #1 ($string) of type string is deprecated in C:\xampp5\htdocs\peluitgithub\peluitkab.bangkalan\public_html\system\Validation\FormatRules.php:253
Stack trace:
#0 [internal function]: CodeIgniter\Debug\Exceptions->errorHandler(8192, 'strtolower(): P...', 'C:\\xampp5\\htdoc...', 253)
#1 C:\xampp5\htdocs\peluitgithub\peluitkab.bangkalan\public_html\system\Validation\FormatRules.php(253): strtolower(NULL)
#2 C:\xampp5\htdocs\peluitgithub\peluitkab.bangkalan\public_html\system\HTTP\RequestTrait.php(151): CodeIgniter\Validation\FormatRules->valid_ip('::1')
#3 C:\xampp5\htdocs\peluitgithub\peluitkab.bangkalan\public_html\app\Views\errors\html\error_exception.php(206): CodeIgniter\HTTP\Request->getIPAddress()
#4 C:\xampp5\htdocs\peluitgithub\peluitkab.bangkalan\public_html\system\Debug\Exceptions.php(229): include('C:\\xampp5\\htdoc...')
#5 C:\xampp5\htdocs\peluitgithub\peluitkab.bangkalan\public_html\system\Debug\Exceptions.php(232): CodeIgniter\Debug\Exceptions->CodeIgniter\Debug\{closure}()
#6 C:\xampp5\htdocs\peluitgithub\peluitkab.bangkalan\public_html\system\Debug\Exceptions.php(116): CodeIgniter\Debug\Exceptions->render(Object(CodeIgniter\Database\Exceptions\DatabaseException), 500)
#7 [internal function]: CodeIgniter\Debug\Exceptions->exceptionHandler(Object(CodeIgniter\Database\Exceptions\DatabaseException))
#8 {main}
  thrown
#0 [internal function]: CodeIgniter\Debug\Exceptions->shutdownHandler()
#1 {main}
ERROR - 2025-01-22 09:38:18 --> Error connecting to the database: ctype_digit(): Argument of type int will be interpreted as string in the future
CRITICAL - 2025-01-22 09:38:18 --> Unable to connect to the database.
Main connection [Postgre]: ctype_digit(): Argument of type int will be interpreted as string in the future
#0 C:\xampp5\htdocs\peluitgithub\peluitkab.bangkalan\public_html\system\Database\BaseConnection.php(577): CodeIgniter\Database\BaseConnection->initialize()
#1 C:\xampp5\htdocs\peluitgithub\peluitkab.bangkalan\public_html\system\Database\BaseBuilder.php(1443): CodeIgniter\Database\BaseConnection->query('SELECT *\nFROM "...', Array, false)
#2 C:\xampp5\htdocs\peluitgithub\peluitkab.bangkalan\public_html\system\Model.php(183): CodeIgniter\Database\BaseBuilder->get()
#3 C:\xampp5\htdocs\peluitgithub\peluitkab.bangkalan\public_html\system\BaseModel.php(584): CodeIgniter\Model->doFindAll(0, 0)
#4 C:\xampp5\htdocs\peluitgithub\peluitkab.bangkalan\public_html\app\Controllers\Home.php(25): CodeIgniter\BaseModel->findAll()
#5 C:\xampp5\htdocs\peluitgithub\peluitkab.bangkalan\public_html\system\CodeIgniter.php(824): App\Controllers\Home->index()
#6 C:\xampp5\htdocs\peluitgithub\peluitkab.bangkalan\public_html\system\CodeIgniter.php(410): CodeIgniter\CodeIgniter->runController(Object(App\Controllers\Home))
#7 C:\xampp5\htdocs\peluitgithub\peluitkab.bangkalan\public_html\system\CodeIgniter.php(318): CodeIgniter\CodeIgniter->handleRequest(NULL, Object(Config\Cache), false)
#8 C:\xampp5\htdocs\peluitgithub\peluitkab.bangkalan\public_html\public\index.php(37): CodeIgniter\CodeIgniter->run()
#9 C:\xampp5\htdocs\peluitgithub\peluitkab.bangkalan\public_html\system\Commands\Server\rewrite.php(43): require_once('C:\\xampp5\\htdoc...')
#10 {main}
CRITICAL - 2025-01-22 09:38:18 --> Uncaught ErrorException: strtolower(): Passing null to parameter #1 ($string) of type string is deprecated in C:\xampp5\htdocs\peluitgithub\peluitkab.bangkalan\public_html\system\Validation\FormatRules.php:253
Stack trace:
#0 [internal function]: CodeIgniter\Debug\Exceptions->errorHandler(8192, 'strtolower(): P...', 'C:\\xampp5\\htdoc...', 253)
#1 C:\xampp5\htdocs\peluitgithub\peluitkab.bangkalan\public_html\system\Validation\FormatRules.php(253): strtolower(NULL)
#2 C:\xampp5\htdocs\peluitgithub\peluitkab.bangkalan\public_html\system\HTTP\RequestTrait.php(151): CodeIgniter\Validation\FormatRules->valid_ip('::1')
#3 C:\xampp5\htdocs\peluitgithub\peluitkab.bangkalan\public_html\app\Views\errors\html\error_exception.php(206): CodeIgniter\HTTP\Request->getIPAddress()
#4 C:\xampp5\htdocs\peluitgithub\peluitkab.bangkalan\public_html\system\Debug\Exceptions.php(229): include('C:\\xampp5\\htdoc...')
#5 C:\xampp5\htdocs\peluitgithub\peluitkab.bangkalan\public_html\system\Debug\Exceptions.php(232): CodeIgniter\Debug\Exceptions->CodeIgniter\Debug\{closure}()
#6 C:\xampp5\htdocs\peluitgithub\peluitkab.bangkalan\public_html\system\Debug\Exceptions.php(116): CodeIgniter\Debug\Exceptions->render(Object(CodeIgniter\Database\Exceptions\DatabaseException), 500)
#7 [internal function]: CodeIgniter\Debug\Exceptions->exceptionHandler(Object(CodeIgniter\Database\Exceptions\DatabaseException))
#8 {main}
  thrown
#0 [internal function]: CodeIgniter\Debug\Exceptions->shutdownHandler()
#1 {main}
ERROR - 2025-01-22 09:38:18 --> Error connecting to the database: ctype_digit(): Argument of type int will be interpreted as string in the future
CRITICAL - 2025-01-22 09:38:18 --> Unable to connect to the database.
Main connection [Postgre]: ctype_digit(): Argument of type int will be interpreted as string in the future
#0 C:\xampp5\htdocs\peluitgithub\peluitkab.bangkalan\public_html\system\Database\BaseConnection.php(577): CodeIgniter\Database\BaseConnection->initialize()
#1 C:\xampp5\htdocs\peluitgithub\peluitkab.bangkalan\public_html\system\Database\BaseBuilder.php(1443): CodeIgniter\Database\BaseConnection->query('SELECT *\nFROM "...', Array, false)
#2 C:\xampp5\htdocs\peluitgithub\peluitkab.bangkalan\public_html\system\Model.php(183): CodeIgniter\Database\BaseBuilder->get()
#3 C:\xampp5\htdocs\peluitgithub\peluitkab.bangkalan\public_html\system\BaseModel.php(584): CodeIgniter\Model->doFindAll(0, 0)
#4 C:\xampp5\htdocs\peluitgithub\peluitkab.bangkalan\public_html\app\Controllers\Home.php(25): CodeIgniter\BaseModel->findAll()
#5 C:\xampp5\htdocs\peluitgithub\peluitkab.bangkalan\public_html\system\CodeIgniter.php(824): App\Controllers\Home->index()
#6 C:\xampp5\htdocs\peluitgithub\peluitkab.bangkalan\public_html\system\CodeIgniter.php(410): CodeIgniter\CodeIgniter->runController(Object(App\Controllers\Home))
#7 C:\xampp5\htdocs\peluitgithub\peluitkab.bangkalan\public_html\system\CodeIgniter.php(318): CodeIgniter\CodeIgniter->handleRequest(NULL, Object(Config\Cache), false)
#8 C:\xampp5\htdocs\peluitgithub\peluitkab.bangkalan\public_html\public\index.php(37): CodeIgniter\CodeIgniter->run()
#9 C:\xampp5\htdocs\peluitgithub\peluitkab.bangkalan\public_html\system\Commands\Server\rewrite.php(43): require_once('C:\\xampp5\\htdoc...')
#10 {main}
CRITICAL - 2025-01-22 09:38:18 --> Uncaught ErrorException: strtolower(): Passing null to parameter #1 ($string) of type string is deprecated in C:\xampp5\htdocs\peluitgithub\peluitkab.bangkalan\public_html\system\Validation\FormatRules.php:253
Stack trace:
#0 [internal function]: CodeIgniter\Debug\Exceptions->errorHandler(8192, 'strtolower(): P...', 'C:\\xampp5\\htdoc...', 253)
#1 C:\xampp5\htdocs\peluitgithub\peluitkab.bangkalan\public_html\system\Validation\FormatRules.php(253): strtolower(NULL)
#2 C:\xampp5\htdocs\peluitgithub\peluitkab.bangkalan\public_html\system\HTTP\RequestTrait.php(151): CodeIgniter\Validation\FormatRules->valid_ip('::1')
#3 C:\xampp5\htdocs\peluitgithub\peluitkab.bangkalan\public_html\app\Views\errors\html\error_exception.php(206): CodeIgniter\HTTP\Request->getIPAddress()
#4 C:\xampp5\htdocs\peluitgithub\peluitkab.bangkalan\public_html\system\Debug\Exceptions.php(229): include('C:\\xampp5\\htdoc...')
#5 C:\xampp5\htdocs\peluitgithub\peluitkab.bangkalan\public_html\system\Debug\Exceptions.php(232): CodeIgniter\Debug\Exceptions->CodeIgniter\Debug\{closure}()
#6 C:\xampp5\htdocs\peluitgithub\peluitkab.bangkalan\public_html\system\Debug\Exceptions.php(116): CodeIgniter\Debug\Exceptions->render(Object(CodeIgniter\Database\Exceptions\DatabaseException), 500)
#7 [internal function]: CodeIgniter\Debug\Exceptions->exceptionHandler(Object(CodeIgniter\Database\Exceptions\DatabaseException))
#8 {main}
  thrown
#0 [internal function]: CodeIgniter\Debug\Exceptions->shutdownHandler()
#1 {main}
ERROR - 2025-01-22 09:38:18 --> Error connecting to the database: ctype_digit(): Argument of type int will be interpreted as string in the future
CRITICAL - 2025-01-22 09:38:18 --> Unable to connect to the database.
Main connection [Postgre]: ctype_digit(): Argument of type int will be interpreted as string in the future
#0 C:\xampp5\htdocs\peluitgithub\peluitkab.bangkalan\public_html\system\Database\BaseConnection.php(577): CodeIgniter\Database\BaseConnection->initialize()
#1 C:\xampp5\htdocs\peluitgithub\peluitkab.bangkalan\public_html\system\Database\BaseBuilder.php(1443): CodeIgniter\Database\BaseConnection->query('SELECT *\nFROM "...', Array, false)
#2 C:\xampp5\htdocs\peluitgithub\peluitkab.bangkalan\public_html\system\Model.php(183): CodeIgniter\Database\BaseBuilder->get()
#3 C:\xampp5\htdocs\peluitgithub\peluitkab.bangkalan\public_html\system\BaseModel.php(584): CodeIgniter\Model->doFindAll(0, 0)
#4 C:\xampp5\htdocs\peluitgithub\peluitkab.bangkalan\public_html\app\Controllers\Home.php(25): CodeIgniter\BaseModel->findAll()
#5 C:\xampp5\htdocs\peluitgithub\peluitkab.bangkalan\public_html\system\CodeIgniter.php(824): App\Controllers\Home->index()
#6 C:\xampp5\htdocs\peluitgithub\peluitkab.bangkalan\public_html\system\CodeIgniter.php(410): CodeIgniter\CodeIgniter->runController(Object(App\Controllers\Home))
#7 C:\xampp5\htdocs\peluitgithub\peluitkab.bangkalan\public_html\system\CodeIgniter.php(318): CodeIgniter\CodeIgniter->handleRequest(NULL, Object(Config\Cache), false)
#8 C:\xampp5\htdocs\peluitgithub\peluitkab.bangkalan\public_html\public\index.php(37): CodeIgniter\CodeIgniter->run()
#9 C:\xampp5\htdocs\peluitgithub\peluitkab.bangkalan\public_html\system\Commands\Server\rewrite.php(43): require_once('C:\\xampp5\\htdoc...')
#10 {main}
CRITICAL - 2025-01-22 09:38:18 --> Uncaught ErrorException: strtolower(): Passing null to parameter #1 ($string) of type string is deprecated in C:\xampp5\htdocs\peluitgithub\peluitkab.bangkalan\public_html\system\Validation\FormatRules.php:253
Stack trace:
#0 [internal function]: CodeIgniter\Debug\Exceptions->errorHandler(8192, 'strtolower(): P...', 'C:\\xampp5\\htdoc...', 253)
#1 C:\xampp5\htdocs\peluitgithub\peluitkab.bangkalan\public_html\system\Validation\FormatRules.php(253): strtolower(NULL)
#2 C:\xampp5\htdocs\peluitgithub\peluitkab.bangkalan\public_html\system\HTTP\RequestTrait.php(151): CodeIgniter\Validation\FormatRules->valid_ip('::1')
#3 C:\xampp5\htdocs\peluitgithub\peluitkab.bangkalan\public_html\app\Views\errors\html\error_exception.php(206): CodeIgniter\HTTP\Request->getIPAddress()
#4 C:\xampp5\htdocs\peluitgithub\peluitkab.bangkalan\public_html\system\Debug\Exceptions.php(229): include('C:\\xampp5\\htdoc...')
#5 C:\xampp5\htdocs\peluitgithub\peluitkab.bangkalan\public_html\system\Debug\Exceptions.php(232): CodeIgniter\Debug\Exceptions->CodeIgniter\Debug\{closure}()
#6 C:\xampp5\htdocs\peluitgithub\peluitkab.bangkalan\public_html\system\Debug\Exceptions.php(116): CodeIgniter\Debug\Exceptions->render(Object(CodeIgniter\Database\Exceptions\DatabaseException), 500)
#7 [internal function]: CodeIgniter\Debug\Exceptions->exceptionHandler(Object(CodeIgniter\Database\Exceptions\DatabaseException))
#8 {main}
  thrown
#0 [internal function]: CodeIgniter\Debug\Exceptions->shutdownHandler()
#1 {main}
ERROR - 2025-01-22 09:38:19 --> Error connecting to the database: ctype_digit(): Argument of type int will be interpreted as string in the future
CRITICAL - 2025-01-22 09:38:19 --> Unable to connect to the database.
Main connection [Postgre]: ctype_digit(): Argument of type int will be interpreted as string in the future
#0 C:\xampp5\htdocs\peluitgithub\peluitkab.bangkalan\public_html\system\Database\BaseConnection.php(577): CodeIgniter\Database\BaseConnection->initialize()
#1 C:\xampp5\htdocs\peluitgithub\peluitkab.bangkalan\public_html\system\Database\BaseBuilder.php(1443): CodeIgniter\Database\BaseConnection->query('SELECT *\nFROM "...', Array, false)
#2 C:\xampp5\htdocs\peluitgithub\peluitkab.bangkalan\public_html\system\Model.php(183): CodeIgniter\Database\BaseBuilder->get()
#3 C:\xampp5\htdocs\peluitgithub\peluitkab.bangkalan\public_html\system\BaseModel.php(584): CodeIgniter\Model->doFindAll(0, 0)
#4 C:\xampp5\htdocs\peluitgithub\peluitkab.bangkalan\public_html\app\Controllers\Home.php(25): CodeIgniter\BaseModel->findAll()
#5 C:\xampp5\htdocs\peluitgithub\peluitkab.bangkalan\public_html\system\CodeIgniter.php(824): App\Controllers\Home->index()
#6 C:\xampp5\htdocs\peluitgithub\peluitkab.bangkalan\public_html\system\CodeIgniter.php(410): CodeIgniter\CodeIgniter->runController(Object(App\Controllers\Home))
#7 C:\xampp5\htdocs\peluitgithub\peluitkab.bangkalan\public_html\system\CodeIgniter.php(318): CodeIgniter\CodeIgniter->handleRequest(NULL, Object(Config\Cache), false)
#8 C:\xampp5\htdocs\peluitgithub\peluitkab.bangkalan\public_html\public\index.php(37): CodeIgniter\CodeIgniter->run()
#9 C:\xampp5\htdocs\peluitgithub\peluitkab.bangkalan\public_html\system\Commands\Server\rewrite.php(43): require_once('C:\\xampp5\\htdoc...')
#10 {main}
CRITICAL - 2025-01-22 09:38:19 --> Uncaught ErrorException: strtolower(): Passing null to parameter #1 ($string) of type string is deprecated in C:\xampp5\htdocs\peluitgithub\peluitkab.bangkalan\public_html\system\Validation\FormatRules.php:253
Stack trace:
#0 [internal function]: CodeIgniter\Debug\Exceptions->errorHandler(8192, 'strtolower(): P...', 'C:\\xampp5\\htdoc...', 253)
#1 C:\xampp5\htdocs\peluitgithub\peluitkab.bangkalan\public_html\system\Validation\FormatRules.php(253): strtolower(NULL)
#2 C:\xampp5\htdocs\peluitgithub\peluitkab.bangkalan\public_html\system\HTTP\RequestTrait.php(151): CodeIgniter\Validation\FormatRules->valid_ip('::1')
#3 C:\xampp5\htdocs\peluitgithub\peluitkab.bangkalan\public_html\app\Views\errors\html\error_exception.php(206): CodeIgniter\HTTP\Request->getIPAddress()
#4 C:\xampp5\htdocs\peluitgithub\peluitkab.bangkalan\public_html\system\Debug\Exceptions.php(229): include('C:\\xampp5\\htdoc...')
#5 C:\xampp5\htdocs\peluitgithub\peluitkab.bangkalan\public_html\system\Debug\Exceptions.php(232): CodeIgniter\Debug\Exceptions->CodeIgniter\Debug\{closure}()
#6 C:\xampp5\htdocs\peluitgithub\peluitkab.bangkalan\public_html\system\Debug\Exceptions.php(116): CodeIgniter\Debug\Exceptions->render(Object(CodeIgniter\Database\Exceptions\DatabaseException), 500)
#7 [internal function]: CodeIgniter\Debug\Exceptions->exceptionHandler(Object(CodeIgniter\Database\Exceptions\DatabaseException))
#8 {main}
  thrown
#0 [internal function]: CodeIgniter\Debug\Exceptions->shutdownHandler()
#1 {main}
